Start auto log messages stack - Iteration 1.	[MsgId: MMSG-10545]
Action.c(499): web_add_header("Authorization") highest severity level was "warning"  	[MsgId: MMSG-26391]
Action.c(502): web_remove_auto_header("X-Requested-With") started  	[MsgId: MMSG-26355]
Action.c(502): Previous automatically added web header for "X-Requested-With" removed  	[MsgId: MMSG-26587]
Action.c(502): web_remove/revert_auto_header("X-Requested-With") was successful  	[MsgId: MMSG-26392]
Action.c(503): web_reg_find started  	[MsgId: MMSG-26355]
Action.c(503): Registering web_reg_find was successful  	[MsgId: MMSG-26390]
Action.c(509): web_custom_request("{userId}_4") started  	[MsgId: MMSG-26355]
Action.c(509): Error -26612: HTTP Status-Code=500 (Internal Server Error) for "https://www.advantageonlineshopping.com/order/api/v1/orders/users/565977180"  	[MsgId: MERR-26612]
Action.c(509): Error -26366: "Text=order completed successfully" not found for web_reg_find  	[MsgId: MERR-26366]
End auto log messages stack.	[MsgId: MMSG-10544]


Start auto log messages stack - Iteration 2.	[MsgId: MMSG-10545]
Action.c(502): web_remove_auto_header("X-Requested-With") started  	[MsgId: MMSG-26355]
Action.c(502): Previous automatically added web header for "X-Requested-With" removed  	[MsgId: MMSG-26587]
Action.c(502): web_remove/revert_auto_header("X-Requested-With") was successful  	[MsgId: MMSG-26392]
Action.c(503): web_reg_find started  	[MsgId: MMSG-26355]
Action.c(503): Registering web_reg_find was successful  	[MsgId: MMSG-26390]
Action.c(509): web_custom_request("{userId}_4") started  	[MsgId: MMSG-26355]
Action.c(509): Connection to www.googletagmanager.com:443 closed after being inactive for 60 seconds, exceeding the "HTTP Keep-Alive timeout" Runtime Setting (60 seconds). URL="[None]"  	[MsgId: MMSG-27647]
Action.c(509): Error -26612: HTTP Status-Code=500 (Internal Server Error) for "https://www.advantageonlineshopping.com/order/api/v1/orders/users/276697653"  	[MsgId: MERR-26612]
Action.c(509): Error -26366: "Text=order completed successfully" not found for web_reg_find  	[MsgId: MERR-26366]
End auto log messages stack.	[MsgId: MMSG-10544]


Start auto log messages stack - Iteration 3.	[MsgId: MMSG-10545]
Action.c(499): web_add_header("Authorization") highest severity level was "warning"  	[MsgId: MMSG-26391]
Action.c(502): web_remove_auto_header("X-Requested-With") started  	[MsgId: MMSG-26355]
Action.c(502): Previous automatically added web header for "X-Requested-With" removed  	[MsgId: MMSG-26587]
Action.c(502): web_remove/revert_auto_header("X-Requested-With") was successful  	[MsgId: MMSG-26392]
Action.c(503): web_reg_find started  	[MsgId: MMSG-26355]
Action.c(503): Registering web_reg_find was successful  	[MsgId: MMSG-26390]
Action.c(509): web_custom_request("{userId}_4") started  	[MsgId: MMSG-26355]
Action.c(509): Error -26612: HTTP Status-Code=500 (Internal Server Error) for "https://www.advantageonlineshopping.com/order/api/v1/orders/users/980698519"  	[MsgId: MERR-26612]
Action.c(509): Error -26366: "Text=order completed successfully" not found for web_reg_find  	[MsgId: MERR-26366]
End auto log messages stack.	[MsgId: MMSG-10544]


Start auto log messages stack - Iteration 4.	[MsgId: MMSG-10545]
Action.c(499): web_add_header("Authorization") highest severity level was "warning"  	[MsgId: MMSG-26391]
Action.c(502): web_remove_auto_header("X-Requested-With") started  	[MsgId: MMSG-26355]
Action.c(502): Previous automatically added web header for "X-Requested-With" removed  	[MsgId: MMSG-26587]
Action.c(502): web_remove/revert_auto_header("X-Requested-With") was successful  	[MsgId: MMSG-26392]
Action.c(503): web_reg_find started  	[MsgId: MMSG-26355]
Action.c(503): Registering web_reg_find was successful  	[MsgId: MMSG-26390]
Action.c(509): web_custom_request("{userId}_4") started  	[MsgId: MMSG-26355]
Action.c(509): Error -26612: HTTP Status-Code=500 (Internal Server Error) for "https://www.advantageonlineshopping.com/order/api/v1/orders/users/581598222"  	[MsgId: MERR-26612]
Action.c(509): Error -26366: "Text=order completed successfully" not found for web_reg_find  	[MsgId: MERR-26366]
End auto log messages stack.	[MsgId: MMSG-10544]


Start auto log messages stack - Iteration 4.	[MsgId: MMSG-10545]
Action.c(502): web_remove_auto_header("X-Requested-With") started  	[MsgId: MMSG-26355]
Action.c(502): Previous automatically added web header for "X-Requested-With" removed  	[MsgId: MMSG-26587]
Action.c(502): web_remove/revert_auto_header("X-Requested-With") was successful  	[MsgId: MMSG-26392]
Action.c(503): web_reg_find started  	[MsgId: MMSG-26355]
Action.c(503): Registering web_reg_find was successful  	[MsgId: MMSG-26390]
Action.c(509): web_custom_request("{userId}_4") started  	[MsgId: MMSG-26355]
Action.c(509): Connection to www.advantageonlineshopping.com:443 closed after being inactive for 60 seconds, exceeding the "HTTP Keep-Alive timeout" Runtime Setting (60 seconds). URL="[None]"  	[MsgId: MMSG-27647]
Action.c(509): Error -26612: HTTP Status-Code=500 (Internal Server Error) for "https://www.advantageonlineshopping.com/order/api/v1/orders/users/581598222"  	[MsgId: MERR-26612]
Action.c(509): Error -26366: "Text=order completed successfully" not found for web_reg_find  	[MsgId: MERR-26366]
End auto log messages stack.	[MsgId: MMSG-10544]


Start auto log messages stack - Iteration 5.	[MsgId: MMSG-10545]
Action.c(499): web_add_header("Authorization") highest severity level was "warning"  	[MsgId: MMSG-26391]
Action.c(502): web_remove_auto_header("X-Requested-With") started  	[MsgId: MMSG-26355]
Action.c(502): Previous automatically added web header for "X-Requested-With" removed  	[MsgId: MMSG-26587]
Action.c(502): web_remove/revert_auto_header("X-Requested-With") was successful  	[MsgId: MMSG-26392]
Action.c(503): web_reg_find started  	[MsgId: MMSG-26355]
Action.c(503): Registering web_reg_find was successful  	[MsgId: MMSG-26390]
Action.c(509): web_custom_request("{userId}_4") started  	[MsgId: MMSG-26355]
Action.c(509): Error -26612: HTTP Status-Code=500 (Internal Server Error) for "https://www.advantageonlineshopping.com/order/api/v1/orders/users/663613289"  	[MsgId: MERR-26612]
Action.c(509): Error -26366: "Text=order completed successfully" not found for web_reg_find  	[MsgId: MERR-26366]
End auto log messages stack.	[MsgId: MMSG-10544]


Start auto log messages stack - Iteration 7.	[MsgId: MMSG-10545]
Action.c(499): web_add_header("Authorization") highest severity level was "warning"  	[MsgId: MMSG-26391]
Action.c(502): web_remove_auto_header("X-Requested-With") started  	[MsgId: MMSG-26355]
Action.c(502): Previous automatically added web header for "X-Requested-With" removed  	[MsgId: MMSG-26587]
Action.c(502): web_remove/revert_auto_header("X-Requested-With") was successful  	[MsgId: MMSG-26392]
Action.c(503): web_reg_find started  	[MsgId: MMSG-26355]
Action.c(503): Registering web_reg_find was successful  	[MsgId: MMSG-26390]
Action.c(509): web_custom_request("{userId}_4") started  	[MsgId: MMSG-26355]
Action.c(509): Error -26612: HTTP Status-Code=500 (Internal Server Error) for "https://www.advantageonlineshopping.com/order/api/v1/orders/users/276697653"  	[MsgId: MERR-26612]
Action.c(509): Error -26366: "Text=order completed successfully" not found for web_reg_find  	[MsgId: MERR-26366]
End auto log messages stack.	[MsgId: MMSG-10544]


Start auto log messages stack - Iteration 9.	[MsgId: MMSG-10545]
Action.c(499): web_add_header("Authorization") highest severity level was "warning"  	[MsgId: MMSG-26391]
Action.c(502): web_remove_auto_header("X-Requested-With") started  	[MsgId: MMSG-26355]
Action.c(502): Previous automatically added web header for "X-Requested-With" removed  	[MsgId: MMSG-26587]
Action.c(502): web_remove/revert_auto_header("X-Requested-With") was successful  	[MsgId: MMSG-26392]
Action.c(503): web_reg_find started  	[MsgId: MMSG-26355]
Action.c(503): Registering web_reg_find was successful  	[MsgId: MMSG-26390]
Action.c(509): web_custom_request("{userId}_4") started  	[MsgId: MMSG-26355]
Action.c(509): Error -26612: HTTP Status-Code=500 (Internal Server Error) for "https://www.advantageonlineshopping.com/order/api/v1/orders/users/581598222"  	[MsgId: MERR-26612]
Action.c(509): Error -26366: "Text=order completed successfully" not found for web_reg_find  	[MsgId: MERR-26366]
End auto log messages stack.	[MsgId: MMSG-10544]


Start auto log messages stack - Iteration 12.	[MsgId: MMSG-10545]
Action.c(499): web_add_header("Authorization") highest severity level was "warning"  	[MsgId: MMSG-26391]
Action.c(502): web_remove_auto_header("X-Requested-With") started  	[MsgId: MMSG-26355]
Action.c(502): Previous automatically added web header for "X-Requested-With" removed  	[MsgId: MMSG-26587]
Action.c(502): web_remove/revert_auto_header("X-Requested-With") was successful  	[MsgId: MMSG-26392]
Action.c(503): web_reg_find started  	[MsgId: MMSG-26355]
Action.c(503): Registering web_reg_find was successful  	[MsgId: MMSG-26390]
Action.c(509): web_custom_request("{userId}_4") started  	[MsgId: MMSG-26355]
Action.c(509): Error -26612: HTTP Status-Code=500 (Internal Server Error) for "https://www.advantageonlineshopping.com/order/api/v1/orders/users/276697653"  	[MsgId: MERR-26612]
Action.c(509): Error -26366: "Text=order completed successfully" not found for web_reg_find  	[MsgId: MERR-26366]
End auto log messages stack.	[MsgId: MMSG-10544]


Start auto log messages stack - Iteration 13.	[MsgId: MMSG-10545]
Action.c(499): web_add_header("Authorization") highest severity level was "warning"  	[MsgId: MMSG-26391]
Action.c(502): web_remove_auto_header("X-Requested-With") started  	[MsgId: MMSG-26355]
Action.c(502): Previous automatically added web header for "X-Requested-With" removed  	[MsgId: MMSG-26587]
Action.c(502): web_remove/revert_auto_header("X-Requested-With") was successful  	[MsgId: MMSG-26392]
Action.c(503): web_reg_find started  	[MsgId: MMSG-26355]
Action.c(503): Registering web_reg_find was successful  	[MsgId: MMSG-26390]
Action.c(509): web_custom_request("{userId}_4") started  	[MsgId: MMSG-26355]
Action.c(509): Error -26612: HTTP Status-Code=500 (Internal Server Error) for "https://www.advantageonlineshopping.com/order/api/v1/orders/users/980698519"  	[MsgId: MERR-26612]
Action.c(509): Error -26366: "Text=order completed successfully" not found for web_reg_find  	[MsgId: MERR-26366]
End auto log messages stack.	[MsgId: MMSG-10544]


Start auto log messages stack - Iteration 14.	[MsgId: MMSG-10545]
Action.c(499): web_add_header("Authorization") highest severity level was "warning"  	[MsgId: MMSG-26391]
Action.c(502): web_remove_auto_header("X-Requested-With") started  	[MsgId: MMSG-26355]
Action.c(502): Previous automatically added web header for "X-Requested-With" removed  	[MsgId: MMSG-26587]
Action.c(502): web_remove/revert_auto_header("X-Requested-With") was successful  	[MsgId: MMSG-26392]
Action.c(503): web_reg_find started  	[MsgId: MMSG-26355]
Action.c(503): Registering web_reg_find was successful  	[MsgId: MMSG-26390]
Action.c(509): web_custom_request("{userId}_4") started  	[MsgId: MMSG-26355]
Action.c(509): Error -26612: HTTP Status-Code=500 (Internal Server Error) for "https://www.advantageonlineshopping.com/order/api/v1/orders/users/581598222"  	[MsgId: MERR-26612]
Action.c(509): Error -26366: "Text=order completed successfully" not found for web_reg_find  	[MsgId: MERR-26366]
End auto log messages stack.	[MsgId: MMSG-10544]


Start auto log messages stack - Iteration 15.	[MsgId: MMSG-10545]
Action.c(502): web_remove_auto_header("X-Requested-With") started  	[MsgId: MMSG-26355]
Action.c(502): Previous automatically added web header for "X-Requested-With" removed  	[MsgId: MMSG-26587]
Action.c(502): web_remove/revert_auto_header("X-Requested-With") was successful  	[MsgId: MMSG-26392]
Action.c(503): web_reg_find started  	[MsgId: MMSG-26355]
Action.c(503): Registering web_reg_find was successful  	[MsgId: MMSG-26390]
Action.c(509): web_custom_request("{userId}_4") started  	[MsgId: MMSG-26355]
Action.c(509): Connection to www.advantageonlineshopping.com:443 closed after being inactive for 60 seconds, exceeding the "HTTP Keep-Alive timeout" Runtime Setting (60 seconds). URL="[None]"  	[MsgId: MMSG-27647]
Action.c(509): Error -26612: HTTP Status-Code=500 (Internal Server Error) for "https://www.advantageonlineshopping.com/order/api/v1/orders/users/663613289"  	[MsgId: MERR-26612]
Action.c(509): Error -26366: "Text=order completed successfully" not found for web_reg_find  	[MsgId: MERR-26366]
End auto log messages stack.	[MsgId: MMSG-10544]


Start auto log messages stack - Iteration 18.	[MsgId: MMSG-10545]
Action.c(499): web_add_header("Authorization") highest severity level was "warning"  	[MsgId: MMSG-26391]
Action.c(502): web_remove_auto_header("X-Requested-With") started  	[MsgId: MMSG-26355]
Action.c(502): Previous automatically added web header for "X-Requested-With" removed  	[MsgId: MMSG-26587]
Action.c(502): web_remove/revert_auto_header("X-Requested-With") was successful  	[MsgId: MMSG-26392]
Action.c(503): web_reg_find started  	[MsgId: MMSG-26355]
Action.c(503): Registering web_reg_find was successful  	[MsgId: MMSG-26390]
Action.c(509): web_custom_request("{userId}_4") started  	[MsgId: MMSG-26355]
Action.c(509): Error -26612: HTTP Status-Code=500 (Internal Server Error) for "https://www.advantageonlineshopping.com/order/api/v1/orders/users/980698519"  	[MsgId: MERR-26612]
Action.c(509): Error -26366: "Text=order completed successfully" not found for web_reg_find  	[MsgId: MERR-26366]
End auto log messages stack.	[MsgId: MMSG-10544]


Start auto log messages stack - Iteration 21.	[MsgId: MMSG-10545]
Action.c(499): web_add_header("Authorization") highest severity level was "warning"  	[MsgId: MMSG-26391]
Action.c(502): web_remove_auto_header("X-Requested-With") started  	[MsgId: MMSG-26355]
Action.c(502): Previous automatically added web header for "X-Requested-With" removed  	[MsgId: MMSG-26587]
Action.c(502): web_remove/revert_auto_header("X-Requested-With") was successful  	[MsgId: MMSG-26392]
Action.c(503): web_reg_find started  	[MsgId: MMSG-26355]
Action.c(503): Registering web_reg_find was successful  	[MsgId: MMSG-26390]
Action.c(509): web_custom_request("{userId}_4") started  	[MsgId: MMSG-26355]
Action.c(509): Error -26612: HTTP Status-Code=500 (Internal Server Error) for "https://www.advantageonlineshopping.com/order/api/v1/orders/users/565977180"  	[MsgId: MERR-26612]
Action.c(509): Error -26366: "Text=order completed successfully" not found for web_reg_find  	[MsgId: MERR-26366]
End auto log messages stack.	[MsgId: MMSG-10544]


Start auto log messages stack - Iteration 21.	[MsgId: MMSG-10545]
Action.c(502): web_remove_auto_header("X-Requested-With") started  	[MsgId: MMSG-26355]
Action.c(502): Previous automatically added web header for "X-Requested-With" removed  	[MsgId: MMSG-26587]
Action.c(502): web_remove/revert_auto_header("X-Requested-With") was successful  	[MsgId: MMSG-26392]
Action.c(503): web_reg_find started  	[MsgId: MMSG-26355]
Action.c(503): Registering web_reg_find was successful  	[MsgId: MMSG-26390]
Action.c(509): web_custom_request("{userId}_4") started  	[MsgId: MMSG-26355]
Action.c(509): Connection to www.googletagmanager.com:443 closed after being inactive for 60 seconds, exceeding the "HTTP Keep-Alive timeout" Runtime Setting (60 seconds). URL="[None]"  	[MsgId: MMSG-27647]
Action.c(509): Error -26612: HTTP Status-Code=500 (Internal Server Error) for "https://www.advantageonlineshopping.com/order/api/v1/orders/users/565977180"  	[MsgId: MERR-26612]
Action.c(509): Error -26366: "Text=order completed successfully" not found for web_reg_find  	[MsgId: MERR-26366]
End auto log messages stack.	[MsgId: MMSG-10544]


Start auto log messages stack - Iteration 22.	[MsgId: MMSG-10545]
Action.c(499): web_add_header("Authorization") highest severity level was "warning"  	[MsgId: MMSG-26391]
Action.c(502): web_remove_auto_header("X-Requested-With") started  	[MsgId: MMSG-26355]
Action.c(502): Previous automatically added web header for "X-Requested-With" removed  	[MsgId: MMSG-26587]
Action.c(502): web_remove/revert_auto_header("X-Requested-With") was successful  	[MsgId: MMSG-26392]
Action.c(503): web_reg_find started  	[MsgId: MMSG-26355]
Action.c(503): Registering web_reg_find was successful  	[MsgId: MMSG-26390]
Action.c(509): web_custom_request("{userId}_4") started  	[MsgId: MMSG-26355]
Action.c(509): Error -26612: HTTP Status-Code=500 (Internal Server Error) for "https://www.advantageonlineshopping.com/order/api/v1/orders/users/276697653"  	[MsgId: MERR-26612]
Action.c(509): Error -26366: "Text=order completed successfully" not found for web_reg_find  	[MsgId: MERR-26366]
End auto log messages stack.	[MsgId: MMSG-10544]


Start auto log messages stack - Iteration 22.	[MsgId: MMSG-10545]
Action.c(499): web_add_header("Authorization") highest severity level was "warning"  	[MsgId: MMSG-26391]
Action.c(502): web_remove_auto_header("X-Requested-With") started  	[MsgId: MMSG-26355]
Action.c(502): Previous automatically added web header for "X-Requested-With" removed  	[MsgId: MMSG-26587]
Action.c(502): web_remove/revert_auto_header("X-Requested-With") was successful  	[MsgId: MMSG-26392]
Action.c(503): web_reg_find started  	[MsgId: MMSG-26355]
Action.c(503): Registering web_reg_find was successful  	[MsgId: MMSG-26390]
Action.c(509): web_custom_request("{userId}_4") started  	[MsgId: MMSG-26355]
Action.c(509): Error -26612: HTTP Status-Code=500 (Internal Server Error) for "https://www.advantageonlineshopping.com/order/api/v1/orders/users/276697653"  	[MsgId: MERR-26612]
Action.c(509): Error -26366: "Text=order completed successfully" not found for web_reg_find  	[MsgId: MERR-26366]
End auto log messages stack.	[MsgId: MMSG-10544]


Start auto log messages stack - Iteration 22.	[MsgId: MMSG-10545]
Action.c(502): web_remove_auto_header("X-Requested-With") started  	[MsgId: MMSG-26355]
Action.c(502): Previous automatically added web header for "X-Requested-With" removed  	[MsgId: MMSG-26587]
Action.c(502): web_remove/revert_auto_header("X-Requested-With") was successful  	[MsgId: MMSG-26392]
Action.c(503): web_reg_find started  	[MsgId: MMSG-26355]
Action.c(503): Registering web_reg_find was successful  	[MsgId: MMSG-26390]
Action.c(509): web_custom_request("{userId}_4") started  	[MsgId: MMSG-26355]
Action.c(509): Connection to www.googletagmanager.com:443 closed after being inactive for 60 seconds, exceeding the "HTTP Keep-Alive timeout" Runtime Setting (60 seconds). URL="[None]"  	[MsgId: MMSG-27647]
Action.c(509): Error -26612: HTTP Status-Code=500 (Internal Server Error) for "https://www.advantageonlineshopping.com/order/api/v1/orders/users/276697653"  	[MsgId: MERR-26612]
Action.c(509): Error -26366: "Text=order completed successfully" not found for web_reg_find  	[MsgId: MERR-26366]
End auto log messages stack.	[MsgId: MMSG-10544]


Start auto log messages stack - Iteration 23.	[MsgId: MMSG-10545]
Action.c(499): web_add_header("Authorization") highest severity level was "warning"  	[MsgId: MMSG-26391]
Action.c(502): web_remove_auto_header("X-Requested-With") started  	[MsgId: MMSG-26355]
Action.c(502): Previous automatically added web header for "X-Requested-With" removed  	[MsgId: MMSG-26587]
Action.c(502): web_remove/revert_auto_header("X-Requested-With") was successful  	[MsgId: MMSG-26392]
Action.c(503): web_reg_find started  	[MsgId: MMSG-26355]
Action.c(503): Registering web_reg_find was successful  	[MsgId: MMSG-26390]
Action.c(509): web_custom_request("{userId}_4") started  	[MsgId: MMSG-26355]
Action.c(509): Error -26612: HTTP Status-Code=500 (Internal Server Error) for "https://www.advantageonlineshopping.com/order/api/v1/orders/users/980698519"  	[MsgId: MERR-26612]
Action.c(509): Error -26366: "Text=order completed successfully" not found for web_reg_find  	[MsgId: MERR-26366]
End auto log messages stack.	[MsgId: MMSG-10544]


Start auto log messages stack - Iteration 23.	[MsgId: MMSG-10545]
Action.c(502): web_remove_auto_header("X-Requested-With") started  	[MsgId: MMSG-26355]
Action.c(502): Previous automatically added web header for "X-Requested-With" removed  	[MsgId: MMSG-26587]
Action.c(502): web_remove/revert_auto_header("X-Requested-With") was successful  	[MsgId: MMSG-26392]
Action.c(503): web_reg_find started  	[MsgId: MMSG-26355]
Action.c(503): Registering web_reg_find was successful  	[MsgId: MMSG-26390]
Action.c(509): web_custom_request("{userId}_4") started  	[MsgId: MMSG-26355]
Action.c(509): Connection to www.googletagmanager.com:443 closed after being inactive for 60 seconds, exceeding the "HTTP Keep-Alive timeout" Runtime Setting (60 seconds). URL="[None]"  	[MsgId: MMSG-27647]
Action.c(509): Error -26612: HTTP Status-Code=500 (Internal Server Error) for "https://www.advantageonlineshopping.com/order/api/v1/orders/users/980698519"  	[MsgId: MERR-26612]
Action.c(509): Error -26366: "Text=order completed successfully" not found for web_reg_find  	[MsgId: MERR-26366]
End auto log messages stack.	[MsgId: MMSG-10544]


Start auto log messages stack - Iteration 24.	[MsgId: MMSG-10545]
Action.c(502): web_remove_auto_header("X-Requested-With") started  	[MsgId: MMSG-26355]
Action.c(502): Previous automatically added web header for "X-Requested-With" removed  	[MsgId: MMSG-26587]
Action.c(502): web_remove/revert_auto_header("X-Requested-With") was successful  	[MsgId: MMSG-26392]
Action.c(503): web_reg_find started  	[MsgId: MMSG-26355]
Action.c(503): Registering web_reg_find was successful  	[MsgId: MMSG-26390]
Action.c(509): web_custom_request("{userId}_4") started  	[MsgId: MMSG-26355]
Action.c(509): Connection to www.advantageonlineshopping.com:443 closed after being inactive for 60 seconds, exceeding the "HTTP Keep-Alive timeout" Runtime Setting (60 seconds). URL="[None]"  	[MsgId: MMSG-27647]
Action.c(509): Error -26612: HTTP Status-Code=500 (Internal Server Error) for "https://www.advantageonlineshopping.com/order/api/v1/orders/users/581598222"  	[MsgId: MERR-26612]
Action.c(509): Error -26366: "Text=order completed successfully" not found for web_reg_find  	[MsgId: MERR-26366]
End auto log messages stack.	[MsgId: MMSG-10544]


Start auto log messages stack - Iteration 25.	[MsgId: MMSG-10545]
Action.c(499): web_add_header("Authorization") highest severity level was "warning"  	[MsgId: MMSG-26391]
Action.c(502): web_remove_auto_header("X-Requested-With") started  	[MsgId: MMSG-26355]
Action.c(502): Previous automatically added web header for "X-Requested-With" removed  	[MsgId: MMSG-26587]
Action.c(502): web_remove/revert_auto_header("X-Requested-With") was successful  	[MsgId: MMSG-26392]
Action.c(503): web_reg_find started  	[MsgId: MMSG-26355]
Action.c(503): Registering web_reg_find was successful  	[MsgId: MMSG-26390]
Action.c(509): web_custom_request("{userId}_4") started  	[MsgId: MMSG-26355]
Action.c(509): Error -26612: HTTP Status-Code=500 (Internal Server Error) for "https://www.advantageonlineshopping.com/order/api/v1/orders/users/663613289"  	[MsgId: MERR-26612]
Action.c(509): Error -26366: "Text=order completed successfully" not found for web_reg_find  	[MsgId: MERR-26366]
End auto log messages stack.	[MsgId: MMSG-10544]


Start auto log messages stack - Iteration 27.	[MsgId: MMSG-10545]
Action.c(499): web_add_header("Authorization") highest severity level was "warning"  	[MsgId: MMSG-26391]
Action.c(502): web_remove_auto_header("X-Requested-With") started  	[MsgId: MMSG-26355]
Action.c(502): Previous automatically added web header for "X-Requested-With" removed  	[MsgId: MMSG-26587]
Action.c(502): web_remove/revert_auto_header("X-Requested-With") was successful  	[MsgId: MMSG-26392]
Action.c(503): web_reg_find started  	[MsgId: MMSG-26355]
Action.c(503): Registering web_reg_find was successful  	[MsgId: MMSG-26390]
Action.c(509): web_custom_request("{userId}_4") started  	[MsgId: MMSG-26355]
Action.c(509): Error -26612: HTTP Status-Code=500 (Internal Server Error) for "https://www.advantageonlineshopping.com/order/api/v1/orders/users/276697653"  	[MsgId: MERR-26612]
Action.c(509): Error -26366: "Text=order completed successfully" not found for web_reg_find  	[MsgId: MERR-26366]
End auto log messages stack.	[MsgId: MMSG-10544]


Start auto log messages stack - Iteration 27.	[MsgId: MMSG-10545]
Action.c(499): web_add_header("Authorization") highest severity level was "warning"  	[MsgId: MMSG-26391]
Action.c(502): web_remove_auto_header("X-Requested-With") started  	[MsgId: MMSG-26355]
Action.c(502): Previous automatically added web header for "X-Requested-With" removed  	[MsgId: MMSG-26587]
Action.c(502): web_remove/revert_auto_header("X-Requested-With") was successful  	[MsgId: MMSG-26392]
Action.c(503): web_reg_find started  	[MsgId: MMSG-26355]
Action.c(503): Registering web_reg_find was successful  	[MsgId: MMSG-26390]
Action.c(509): web_custom_request("{userId}_4") started  	[MsgId: MMSG-26355]
Action.c(509): Error -26612: HTTP Status-Code=500 (Internal Server Error) for "https://www.advantageonlineshopping.com/order/api/v1/orders/users/276697653"  	[MsgId: MERR-26612]
Action.c(509): Error -26366: "Text=order completed successfully" not found for web_reg_find  	[MsgId: MERR-26366]
End auto log messages stack.	[MsgId: MMSG-10544]


Start auto log messages stack - Iteration 28.	[MsgId: MMSG-10545]
Action.c(499): web_add_header("Authorization") highest severity level was "warning"  	[MsgId: MMSG-26391]
Action.c(502): web_remove_auto_header("X-Requested-With") started  	[MsgId: MMSG-26355]
Action.c(502): Previous automatically added web header for "X-Requested-With" removed  	[MsgId: MMSG-26587]
Action.c(502): web_remove/revert_auto_header("X-Requested-With") was successful  	[MsgId: MMSG-26392]
Action.c(503): web_reg_find started  	[MsgId: MMSG-26355]
Action.c(503): Registering web_reg_find was successful  	[MsgId: MMSG-26390]
Action.c(509): web_custom_request("{userId}_4") started  	[MsgId: MMSG-26355]
Action.c(509): Error -26612: HTTP Status-Code=500 (Internal Server Error) for "https://www.advantageonlineshopping.com/order/api/v1/orders/users/980698519"  	[MsgId: MERR-26612]
Action.c(509): Error -26366: "Text=order completed successfully" not found for web_reg_find  	[MsgId: MERR-26366]
End auto log messages stack.	[MsgId: MMSG-10544]


Start auto log messages stack - Iteration 28.	[MsgId: MMSG-10545]
Action.c(499): web_add_header("Authorization") highest severity level was "warning"  	[MsgId: MMSG-26391]
Action.c(502): web_remove_auto_header("X-Requested-With") started  	[MsgId: MMSG-26355]
Action.c(502): Previous automatically added web header for "X-Requested-With" removed  	[MsgId: MMSG-26587]
Action.c(502): web_remove/revert_auto_header("X-Requested-With") was successful  	[MsgId: MMSG-26392]
Action.c(503): web_reg_find started  	[MsgId: MMSG-26355]
Action.c(503): Registering web_reg_find was successful  	[MsgId: MMSG-26390]
Action.c(509): web_custom_request("{userId}_4") started  	[MsgId: MMSG-26355]
Action.c(509): Error -26612: HTTP Status-Code=500 (Internal Server Error) for "https://www.advantageonlineshopping.com/order/api/v1/orders/users/980698519"  	[MsgId: MERR-26612]
Action.c(509): Error -26366: "Text=order completed successfully" not found for web_reg_find  	[MsgId: MERR-26366]
End auto log messages stack.	[MsgId: MMSG-10544]


Start auto log messages stack - Iteration 30.	[MsgId: MMSG-10545]
Action.c(499): web_add_header("Authorization") highest severity level was "warning"  	[MsgId: MMSG-26391]
Action.c(502): web_remove_auto_header("X-Requested-With") started  	[MsgId: MMSG-26355]
Action.c(502): Previous automatically added web header for "X-Requested-With" removed  	[MsgId: MMSG-26587]
Action.c(502): web_remove/revert_auto_header("X-Requested-With") was successful  	[MsgId: MMSG-26392]
Action.c(503): web_reg_find started  	[MsgId: MMSG-26355]
Action.c(503): Registering web_reg_find was successful  	[MsgId: MMSG-26390]
Action.c(509): web_custom_request("{userId}_4") started  	[MsgId: MMSG-26355]
Action.c(509): Error -26612: HTTP Status-Code=500 (Internal Server Error) for "https://www.advantageonlineshopping.com/order/api/v1/orders/users/663613289"  	[MsgId: MERR-26612]
Action.c(509): Error -26366: "Text=order completed successfully" not found for web_reg_find  	[MsgId: MERR-26366]
End auto log messages stack.	[MsgId: MMSG-10544]


Start auto log messages stack - Iteration 30.	[MsgId: MMSG-10545]
Action.c(499): web_add_header("Authorization") highest severity level was "warning"  	[MsgId: MMSG-26391]
Action.c(502): web_remove_auto_header("X-Requested-With") started  	[MsgId: MMSG-26355]
Action.c(502): Previous automatically added web header for "X-Requested-With" removed  	[MsgId: MMSG-26587]
Action.c(502): web_remove/revert_auto_header("X-Requested-With") was successful  	[MsgId: MMSG-26392]
Action.c(503): web_reg_find started  	[MsgId: MMSG-26355]
Action.c(503): Registering web_reg_find was successful  	[MsgId: MMSG-26390]
Action.c(509): web_custom_request("{userId}_4") started  	[MsgId: MMSG-26355]
Action.c(509): Error -26612: HTTP Status-Code=500 (Internal Server Error) for "https://www.advantageonlineshopping.com/order/api/v1/orders/users/663613289"  	[MsgId: MERR-26612]
Action.c(509): Error -26366: "Text=order completed successfully" not found for web_reg_find  	[MsgId: MERR-26366]
End auto log messages stack.	[MsgId: MMSG-10544]


Start auto log messages stack - Iteration 34.	[MsgId: MMSG-10545]
Action.c(499): web_add_header("Authorization") highest severity level was "warning"  	[MsgId: MMSG-26391]
Action.c(502): web_remove_auto_header("X-Requested-With") started  	[MsgId: MMSG-26355]
Action.c(502): Previous automatically added web header for "X-Requested-With" removed  	[MsgId: MMSG-26587]
Action.c(502): web_remove/revert_auto_header("X-Requested-With") was successful  	[MsgId: MMSG-26392]
Action.c(503): web_reg_find started  	[MsgId: MMSG-26355]
Action.c(503): Registering web_reg_find was successful  	[MsgId: MMSG-26390]
Action.c(509): web_custom_request("{userId}_4") started  	[MsgId: MMSG-26355]
Action.c(509): Error -26612: HTTP Status-Code=500 (Internal Server Error) for "https://www.advantageonlineshopping.com/order/api/v1/orders/users/581598222"  	[MsgId: MERR-26612]
Action.c(509): Error -26366: "Text=order completed successfully" not found for web_reg_find  	[MsgId: MERR-26366]
End auto log messages stack.	[MsgId: MMSG-10544]


Start auto log messages stack - Iteration 36.	[MsgId: MMSG-10545]
Action.c(499): web_add_header("Authorization") highest severity level was "warning"  	[MsgId: MMSG-26391]
Action.c(502): web_remove_auto_header("X-Requested-With") started  	[MsgId: MMSG-26355]
Action.c(502): Previous automatically added web header for "X-Requested-With" removed  	[MsgId: MMSG-26587]
Action.c(502): web_remove/revert_auto_header("X-Requested-With") was successful  	[MsgId: MMSG-26392]
Action.c(503): web_reg_find started  	[MsgId: MMSG-26355]
Action.c(503): Registering web_reg_find was successful  	[MsgId: MMSG-26390]
Action.c(509): web_custom_request("{userId}_4") started  	[MsgId: MMSG-26355]
Action.c(509): Error -26612: HTTP Status-Code=500 (Internal Server Error) for "https://www.advantageonlineshopping.com/order/api/v1/orders/users/565977180"  	[MsgId: MERR-26612]
Action.c(509): Error -26366: "Text=order completed successfully" not found for web_reg_find  	[MsgId: MERR-26366]
End auto log messages stack.	[MsgId: MMSG-10544]


Start auto log messages stack - Iteration 36.	[MsgId: MMSG-10545]
Action.c(499): web_add_header("Authorization") highest severity level was "warning"  	[MsgId: MMSG-26391]
Action.c(502): web_remove_auto_header("X-Requested-With") started  	[MsgId: MMSG-26355]
Action.c(502): Previous automatically added web header for "X-Requested-With" removed  	[MsgId: MMSG-26587]
Action.c(502): web_remove/revert_auto_header("X-Requested-With") was successful  	[MsgId: MMSG-26392]
Action.c(503): web_reg_find started  	[MsgId: MMSG-26355]
Action.c(503): Registering web_reg_find was successful  	[MsgId: MMSG-26390]
Action.c(509): web_custom_request("{userId}_4") started  	[MsgId: MMSG-26355]
Action.c(509): Error -26612: HTTP Status-Code=500 (Internal Server Error) for "https://www.advantageonlineshopping.com/order/api/v1/orders/users/565977180"  	[MsgId: MERR-26612]
Action.c(509): Error -26366: "Text=order completed successfully" not found for web_reg_find  	[MsgId: MERR-26366]
End auto log messages stack.	[MsgId: MMSG-10544]


Start auto log messages stack - Iteration 37.	[MsgId: MMSG-10545]
Action.c(499): web_add_header("Authorization") highest severity level was "warning"  	[MsgId: MMSG-26391]
Action.c(502): web_remove_auto_header("X-Requested-With") started  	[MsgId: MMSG-26355]
Action.c(502): Previous automatically added web header for "X-Requested-With" removed  	[MsgId: MMSG-26587]
Action.c(502): web_remove/revert_auto_header("X-Requested-With") was successful  	[MsgId: MMSG-26392]
Action.c(503): web_reg_find started  	[MsgId: MMSG-26355]
Action.c(503): Registering web_reg_find was successful  	[MsgId: MMSG-26390]
Action.c(509): web_custom_request("{userId}_4") started  	[MsgId: MMSG-26355]
Action.c(509): Error -26612: HTTP Status-Code=500 (Internal Server Error) for "https://www.advantageonlineshopping.com/order/api/v1/orders/users/276697653"  	[MsgId: MERR-26612]
Action.c(509): Error -26366: "Text=order completed successfully" not found for web_reg_find  	[MsgId: MERR-26366]
End auto log messages stack.	[MsgId: MMSG-10544]


Start auto log messages stack - Iteration 38.	[MsgId: MMSG-10545]
Action.c(499): web_add_header("Authorization") highest severity level was "warning"  	[MsgId: MMSG-26391]
Action.c(502): web_remove_auto_header("X-Requested-With") started  	[MsgId: MMSG-26355]
Action.c(502): Previous automatically added web header for "X-Requested-With" removed  	[MsgId: MMSG-26587]
Action.c(502): web_remove/revert_auto_header("X-Requested-With") was successful  	[MsgId: MMSG-26392]
Action.c(503): web_reg_find started  	[MsgId: MMSG-26355]
Action.c(503): Registering web_reg_find was successful  	[MsgId: MMSG-26390]
Action.c(509): web_custom_request("{userId}_4") started  	[MsgId: MMSG-26355]
Action.c(509): Error -26612: HTTP Status-Code=500 (Internal Server Error) for "https://www.advantageonlineshopping.com/order/api/v1/orders/users/980698519"  	[MsgId: MERR-26612]
Action.c(509): Error -26366: "Text=order completed successfully" not found for web_reg_find  	[MsgId: MERR-26366]
End auto log messages stack.	[MsgId: MMSG-10544]


Start auto log messages stack - Iteration 39.	[MsgId: MMSG-10545]
Action.c(499): web_add_header("Authorization") highest severity level was "warning"  	[MsgId: MMSG-26391]
Action.c(502): web_remove_auto_header("X-Requested-With") started  	[MsgId: MMSG-26355]
Action.c(502): Previous automatically added web header for "X-Requested-With" removed  	[MsgId: MMSG-26587]
Action.c(502): web_remove/revert_auto_header("X-Requested-With") was successful  	[MsgId: MMSG-26392]
Action.c(503): web_reg_find started  	[MsgId: MMSG-26355]
Action.c(503): Registering web_reg_find was successful  	[MsgId: MMSG-26390]
Action.c(509): web_custom_request("{userId}_4") started  	[MsgId: MMSG-26355]
Action.c(509): Error -26612: HTTP Status-Code=500 (Internal Server Error) for "https://www.advantageonlineshopping.com/order/api/v1/orders/users/581598222"  	[MsgId: MERR-26612]
Action.c(509): Error -26366: "Text=order completed successfully" not found for web_reg_find  	[MsgId: MERR-26366]
End auto log messages stack.	[MsgId: MMSG-10544]


Start auto log messages stack - Iteration 41.	[MsgId: MMSG-10545]
Action.c(499): web_add_header("Authorization") highest severity level was "warning"  	[MsgId: MMSG-26391]
Action.c(502): web_remove_auto_header("X-Requested-With") started  	[MsgId: MMSG-26355]
Action.c(502): Previous automatically added web header for "X-Requested-With" removed  	[MsgId: MMSG-26587]
Action.c(502): web_remove/revert_auto_header("X-Requested-With") was successful  	[MsgId: MMSG-26392]
Action.c(503): web_reg_find started  	[MsgId: MMSG-26355]
Action.c(503): Registering web_reg_find was successful  	[MsgId: MMSG-26390]
Action.c(509): web_custom_request("{userId}_4") started  	[MsgId: MMSG-26355]
Action.c(509): Error -26612: HTTP Status-Code=500 (Internal Server Error) for "https://www.advantageonlineshopping.com/order/api/v1/orders/users/565977180"  	[MsgId: MERR-26612]
Action.c(509): Error -26366: "Text=order completed successfully" not found for web_reg_find  	[MsgId: MERR-26366]
End auto log messages stack.	[MsgId: MMSG-10544]


Start auto log messages stack - Iteration 42.	[MsgId: MMSG-10545]
Action.c(499): web_add_header("Authorization") highest severity level was "warning"  	[MsgId: MMSG-26391]
Action.c(502): web_remove_auto_header("X-Requested-With") started  	[MsgId: MMSG-26355]
Action.c(502): Previous automatically added web header for "X-Requested-With" removed  	[MsgId: MMSG-26587]
Action.c(502): web_remove/revert_auto_header("X-Requested-With") was successful  	[MsgId: MMSG-26392]
Action.c(503): web_reg_find started  	[MsgId: MMSG-26355]
Action.c(503): Registering web_reg_find was successful  	[MsgId: MMSG-26390]
Action.c(509): web_custom_request("{userId}_4") started  	[MsgId: MMSG-26355]
Action.c(509): Error -26612: HTTP Status-Code=500 (Internal Server Error) for "https://www.advantageonlineshopping.com/order/api/v1/orders/users/276697653"  	[MsgId: MERR-26612]
Action.c(509): Error -26366: "Text=order completed successfully" not found for web_reg_find  	[MsgId: MERR-26366]
End auto log messages stack.	[MsgId: MMSG-10544]


Start auto log messages stack - Iteration 42.	[MsgId: MMSG-10545]
Action.c(499): web_add_header("Authorization") highest severity level was "warning"  	[MsgId: MMSG-26391]
Action.c(502): web_remove_auto_header("X-Requested-With") started  	[MsgId: MMSG-26355]
Action.c(502): Previous automatically added web header for "X-Requested-With" removed  	[MsgId: MMSG-26587]
Action.c(502): web_remove/revert_auto_header("X-Requested-With") was successful  	[MsgId: MMSG-26392]
Action.c(503): web_reg_find started  	[MsgId: MMSG-26355]
Action.c(503): Registering web_reg_find was successful  	[MsgId: MMSG-26390]
Action.c(509): web_custom_request("{userId}_4") started  	[MsgId: MMSG-26355]
Action.c(509): Error -26612: HTTP Status-Code=500 (Internal Server Error) for "https://www.advantageonlineshopping.com/order/api/v1/orders/users/276697653"  	[MsgId: MERR-26612]
Action.c(509): Error -26366: "Text=order completed successfully" not found for web_reg_find  	[MsgId: MERR-26366]
End auto log messages stack.	[MsgId: MMSG-10544]


Start auto log messages stack - Iteration 43.	[MsgId: MMSG-10545]
Action.c(499): web_add_header("Authorization") highest severity level was "warning"  	[MsgId: MMSG-26391]
Action.c(502): web_remove_auto_header("X-Requested-With") started  	[MsgId: MMSG-26355]
Action.c(502): Previous automatically added web header for "X-Requested-With" removed  	[MsgId: MMSG-26587]
Action.c(502): web_remove/revert_auto_header("X-Requested-With") was successful  	[MsgId: MMSG-26392]
Action.c(503): web_reg_find started  	[MsgId: MMSG-26355]
Action.c(503): Registering web_reg_find was successful  	[MsgId: MMSG-26390]
Action.c(509): web_custom_request("{userId}_4") started  	[MsgId: MMSG-26355]
Action.c(509): Error -26612: HTTP Status-Code=500 (Internal Server Error) for "https://www.advantageonlineshopping.com/order/api/v1/orders/users/980698519"  	[MsgId: MERR-26612]
Action.c(509): Error -26366: "Text=order completed successfully" not found for web_reg_find  	[MsgId: MERR-26366]
End auto log messages stack.	[MsgId: MMSG-10544]


Start auto log messages stack - Iteration 44.	[MsgId: MMSG-10545]
Action.c(502): web_remove_auto_header("X-Requested-With") started  	[MsgId: MMSG-26355]
Action.c(502): Previous automatically added web header for "X-Requested-With" removed  	[MsgId: MMSG-26587]
Action.c(502): web_remove/revert_auto_header("X-Requested-With") was successful  	[MsgId: MMSG-26392]
Action.c(503): web_reg_find started  	[MsgId: MMSG-26355]
Action.c(503): Registering web_reg_find was successful  	[MsgId: MMSG-26390]
Action.c(509): web_custom_request("{userId}_4") started  	[MsgId: MMSG-26355]
Action.c(509): Connection to www.advantageonlineshopping.com:443 closed after being inactive for 60 seconds, exceeding the "HTTP Keep-Alive timeout" Runtime Setting (60 seconds). URL="[None]"  	[MsgId: MMSG-27647]
Action.c(509): Error -26612: HTTP Status-Code=500 (Internal Server Error) for "https://www.advantageonlineshopping.com/order/api/v1/orders/users/581598222"  	[MsgId: MERR-26612]
Action.c(509): Error -26366: "Text=order completed successfully" not found for web_reg_find  	[MsgId: MERR-26366]
End auto log messages stack.	[MsgId: MMSG-10544]


Start auto log messages stack - Iteration 45.	[MsgId: MMSG-10545]
Action.c(499): web_add_header("Authorization") highest severity level was "warning"  	[MsgId: MMSG-26391]
Action.c(502): web_remove_auto_header("X-Requested-With") started  	[MsgId: MMSG-26355]
Action.c(502): Previous automatically added web header for "X-Requested-With" removed  	[MsgId: MMSG-26587]
Action.c(502): web_remove/revert_auto_header("X-Requested-With") was successful  	[MsgId: MMSG-26392]
Action.c(503): web_reg_find started  	[MsgId: MMSG-26355]
Action.c(503): Registering web_reg_find was successful  	[MsgId: MMSG-26390]
Action.c(509): web_custom_request("{userId}_4") started  	[MsgId: MMSG-26355]
Action.c(509): Error -26612: HTTP Status-Code=500 (Internal Server Error) for "https://www.advantageonlineshopping.com/order/api/v1/orders/users/663613289"  	[MsgId: MERR-26612]
Action.c(509): Error -26366: "Text=order completed successfully" not found for web_reg_find  	[MsgId: MERR-26366]
End auto log messages stack.	[MsgId: MMSG-10544]


Start auto log messages stack - Iteration 47.	[MsgId: MMSG-10545]
Action.c(499): web_add_header("Authorization") highest severity level was "warning"  	[MsgId: MMSG-26391]
Action.c(502): web_remove_auto_header("X-Requested-With") started  	[MsgId: MMSG-26355]
Action.c(502): Previous automatically added web header for "X-Requested-With" removed  	[MsgId: MMSG-26587]
Action.c(502): web_remove/revert_auto_header("X-Requested-With") was successful  	[MsgId: MMSG-26392]
Action.c(503): web_reg_find started  	[MsgId: MMSG-26355]
Action.c(503): Registering web_reg_find was successful  	[MsgId: MMSG-26390]
Action.c(509): web_custom_request("{userId}_4") started  	[MsgId: MMSG-26355]
Action.c(509): Error -26612: HTTP Status-Code=500 (Internal Server Error) for "https://www.advantageonlineshopping.com/order/api/v1/orders/users/276697653"  	[MsgId: MERR-26612]
Action.c(509): Error -26366: "Text=order completed successfully" not found for web_reg_find  	[MsgId: MERR-26366]
End auto log messages stack.	[MsgId: MMSG-10544]


Start auto log messages stack - Iteration 48.	[MsgId: MMSG-10545]
Action.c(499): web_add_header("Authorization") highest severity level was "warning"  	[MsgId: MMSG-26391]
Action.c(502): web_remove_auto_header("X-Requested-With") started  	[MsgId: MMSG-26355]
Action.c(502): Previous automatically added web header for "X-Requested-With" removed  	[MsgId: MMSG-26587]
Action.c(502): web_remove/revert_auto_header("X-Requested-With") was successful  	[MsgId: MMSG-26392]
Action.c(503): web_reg_find started  	[MsgId: MMSG-26355]
Action.c(503): Registering web_reg_find was successful  	[MsgId: MMSG-26390]
Action.c(509): web_custom_request("{userId}_4") started  	[MsgId: MMSG-26355]
Action.c(509): Error -26612: HTTP Status-Code=500 (Internal Server Error) for "https://www.advantageonlineshopping.com/order/api/v1/orders/users/980698519"  	[MsgId: MERR-26612]
Action.c(509): Error -26366: "Text=order completed successfully" not found for web_reg_find  	[MsgId: MERR-26366]
End auto log messages stack.	[MsgId: MMSG-10544]


Start auto log messages stack - Iteration 51.	[MsgId: MMSG-10545]
Action.c(499): web_add_header("Authorization") highest severity level was "warning"  	[MsgId: MMSG-26391]
Action.c(502): web_remove_auto_header("X-Requested-With") started  	[MsgId: MMSG-26355]
Action.c(502): Previous automatically added web header for "X-Requested-With" removed  	[MsgId: MMSG-26587]
Action.c(502): web_remove/revert_auto_header("X-Requested-With") was successful  	[MsgId: MMSG-26392]
Action.c(503): web_reg_find started  	[MsgId: MMSG-26355]
Action.c(503): Registering web_reg_find was successful  	[MsgId: MMSG-26390]
Action.c(509): web_custom_request("{userId}_4") started  	[MsgId: MMSG-26355]
Action.c(509): Error -26612: HTTP Status-Code=500 (Internal Server Error) for "https://www.advantageonlineshopping.com/order/api/v1/orders/users/565977180"  	[MsgId: MERR-26612]
Action.c(509): Error -26366: "Text=order completed successfully" not found for web_reg_find  	[MsgId: MERR-26366]
End auto log messages stack.	[MsgId: MMSG-10544]


Start auto log messages stack - Iteration 51.	[MsgId: MMSG-10545]
Action.c(499): web_add_header("Authorization") highest severity level was "warning"  	[MsgId: MMSG-26391]
Action.c(502): web_remove_auto_header("X-Requested-With") started  	[MsgId: MMSG-26355]
Action.c(502): Previous automatically added web header for "X-Requested-With" removed  	[MsgId: MMSG-26587]
Action.c(502): web_remove/revert_auto_header("X-Requested-With") was successful  	[MsgId: MMSG-26392]
Action.c(503): web_reg_find started  	[MsgId: MMSG-26355]
Action.c(503): Registering web_reg_find was successful  	[MsgId: MMSG-26390]
Action.c(509): web_custom_request("{userId}_4") started  	[MsgId: MMSG-26355]
Action.c(509): Error -26612: HTTP Status-Code=500 (Internal Server Error) for "https://www.advantageonlineshopping.com/order/api/v1/orders/users/565977180"  	[MsgId: MERR-26612]
Action.c(509): Error -26366: "Text=order completed successfully" not found for web_reg_find  	[MsgId: MERR-26366]
End auto log messages stack.	[MsgId: MMSG-10544]


Start auto log messages stack - Iteration 52.	[MsgId: MMSG-10545]
Action.c(499): web_add_header("Authorization") highest severity level was "warning"  	[MsgId: MMSG-26391]
Action.c(502): web_remove_auto_header("X-Requested-With") started  	[MsgId: MMSG-26355]
Action.c(502): Previous automatically added web header for "X-Requested-With" removed  	[MsgId: MMSG-26587]
Action.c(502): web_remove/revert_auto_header("X-Requested-With") was successful  	[MsgId: MMSG-26392]
Action.c(503): web_reg_find started  	[MsgId: MMSG-26355]
Action.c(503): Registering web_reg_find was successful  	[MsgId: MMSG-26390]
Action.c(509): web_custom_request("{userId}_4") started  	[MsgId: MMSG-26355]
Action.c(509): Error -26612: HTTP Status-Code=500 (Internal Server Error) for "https://www.advantageonlineshopping.com/order/api/v1/orders/users/276697653"  	[MsgId: MERR-26612]
Action.c(509): Error -26366: "Text=order completed successfully" not found for web_reg_find  	[MsgId: MERR-26366]
End auto log messages stack.	[MsgId: MMSG-10544]


