Start auto log messages stack - Iteration 2.	[MsgId: MMSG-10545]
Action.c(499): web_add_header("Authorization") highest severity level was "warning"  	[MsgId: MMSG-26391]
Action.c(502): web_remove_auto_header("X-Requested-With") started  	[MsgId: MMSG-26355]
Action.c(502): Previous automatically added web header for "X-Requested-With" removed  	[MsgId: MMSG-26587]
Action.c(502): web_remove/revert_auto_header("X-Requested-With") was successful  	[MsgId: MMSG-26392]
Action.c(503): web_reg_find started  	[MsgId: MMSG-26355]
Action.c(503): Registering web_reg_find was successful  	[MsgId: MMSG-26390]
Action.c(509): web_custom_request("{userId}_4") started  	[MsgId: MMSG-26355]
Action.c(509): Error -26612: HTTP Status-Code=500 (Internal Server Error) for "https://www.advantageonlineshopping.com/order/api/v1/orders/users/276697653"  	[MsgId: MERR-26612]
Action.c(509): Error -26366: "Text=order completed successfully" not found for web_reg_find  	[MsgId: MERR-26366]
End auto log messages stack.	[MsgId: MMSG-10544]


Start auto log messages stack - Iteration 8.	[MsgId: MMSG-10545]
Action.c(499): web_add_header("Authorization") highest severity level was "warning"  	[MsgId: MMSG-26391]
Action.c(502): web_remove_auto_header("X-Requested-With") started  	[MsgId: MMSG-26355]
Action.c(502): Previous automatically added web header for "X-Requested-With" removed  	[MsgId: MMSG-26587]
Action.c(502): web_remove/revert_auto_header("X-Requested-With") was successful  	[MsgId: MMSG-26392]
Action.c(503): web_reg_find started  	[MsgId: MMSG-26355]
Action.c(503): Registering web_reg_find was successful  	[MsgId: MMSG-26390]
Action.c(509): web_custom_request("{userId}_4") started  	[MsgId: MMSG-26355]
Action.c(509): Error -26612: HTTP Status-Code=500 (Internal Server Error) for "https://www.advantageonlineshopping.com/order/api/v1/orders/users/980698519"  	[MsgId: MERR-26612]
Action.c(509): Error -26366: "Text=order completed successfully" not found for web_reg_find  	[MsgId: MERR-26366]
End auto log messages stack.	[MsgId: MMSG-10544]


Start auto log messages stack - Iteration 8.	[MsgId: MMSG-10545]
Action.c(499): web_add_header("Authorization") highest severity level was "warning"  	[MsgId: MMSG-26391]
Action.c(502): web_remove_auto_header("X-Requested-With") started  	[MsgId: MMSG-26355]
Action.c(502): Previous automatically added web header for "X-Requested-With" removed  	[MsgId: MMSG-26587]
Action.c(502): web_remove/revert_auto_header("X-Requested-With") was successful  	[MsgId: MMSG-26392]
Action.c(503): web_reg_find started  	[MsgId: MMSG-26355]
Action.c(503): Registering web_reg_find was successful  	[MsgId: MMSG-26390]
Action.c(509): web_custom_request("{userId}_4") started  	[MsgId: MMSG-26355]
Action.c(509): Error -26612: HTTP Status-Code=500 (Internal Server Error) for "https://www.advantageonlineshopping.com/order/api/v1/orders/users/980698519"  	[MsgId: MERR-26612]
Action.c(509): Error -26366: "Text=order completed successfully" not found for web_reg_find  	[MsgId: MERR-26366]
End auto log messages stack.	[MsgId: MMSG-10544]


Start auto log messages stack - Iteration 9.	[MsgId: MMSG-10545]
Action.c(499): web_add_header("Authorization") highest severity level was "warning"  	[MsgId: MMSG-26391]
Action.c(502): web_remove_auto_header("X-Requested-With") started  	[MsgId: MMSG-26355]
Action.c(502): Previous automatically added web header for "X-Requested-With" removed  	[MsgId: MMSG-26587]
Action.c(502): web_remove/revert_auto_header("X-Requested-With") was successful  	[MsgId: MMSG-26392]
Action.c(503): web_reg_find started  	[MsgId: MMSG-26355]
Action.c(503): Registering web_reg_find was successful  	[MsgId: MMSG-26390]
Action.c(509): web_custom_request("{userId}_4") started  	[MsgId: MMSG-26355]
Action.c(509): Error -26612: HTTP Status-Code=500 (Internal Server Error) for "https://www.advantageonlineshopping.com/order/api/v1/orders/users/581598222"  	[MsgId: MERR-26612]
Action.c(509): Error -26366: "Text=order completed successfully" not found for web_reg_find  	[MsgId: MERR-26366]
End auto log messages stack.	[MsgId: MMSG-10544]


Start auto log messages stack - Iteration 9.	[MsgId: MMSG-10545]
Action.c(499): web_add_header("Authorization") highest severity level was "warning"  	[MsgId: MMSG-26391]
Action.c(502): web_remove_auto_header("X-Requested-With") started  	[MsgId: MMSG-26355]
Action.c(502): Previous automatically added web header for "X-Requested-With" removed  	[MsgId: MMSG-26587]
Action.c(502): web_remove/revert_auto_header("X-Requested-With") was successful  	[MsgId: MMSG-26392]
Action.c(503): web_reg_find started  	[MsgId: MMSG-26355]
Action.c(503): Registering web_reg_find was successful  	[MsgId: MMSG-26390]
Action.c(509): web_custom_request("{userId}_4") started  	[MsgId: MMSG-26355]
Action.c(509): Error -26612: HTTP Status-Code=500 (Internal Server Error) for "https://www.advantageonlineshopping.com/order/api/v1/orders/users/581598222"  	[MsgId: MERR-26612]
Action.c(509): Error -26366: "Text=order completed successfully" not found for web_reg_find  	[MsgId: MERR-26366]
End auto log messages stack.	[MsgId: MMSG-10544]


Start auto log messages stack - Iteration 11.	[MsgId: MMSG-10545]
Action.c(499): web_add_header("Authorization") highest severity level was "warning"  	[MsgId: MMSG-26391]
Action.c(502): web_remove_auto_header("X-Requested-With") started  	[MsgId: MMSG-26355]
Action.c(502): Previous automatically added web header for "X-Requested-With" removed  	[MsgId: MMSG-26587]
Action.c(502): web_remove/revert_auto_header("X-Requested-With") was successful  	[MsgId: MMSG-26392]
Action.c(503): web_reg_find started  	[MsgId: MMSG-26355]
Action.c(503): Registering web_reg_find was successful  	[MsgId: MMSG-26390]
Action.c(509): web_custom_request("{userId}_4") started  	[MsgId: MMSG-26355]
Action.c(509): Error -26612: HTTP Status-Code=500 (Internal Server Error) for "https://www.advantageonlineshopping.com/order/api/v1/orders/users/565977180"  	[MsgId: MERR-26612]
Action.c(509): Error -26366: "Text=order completed successfully" not found for web_reg_find  	[MsgId: MERR-26366]
End auto log messages stack.	[MsgId: MMSG-10544]


Start auto log messages stack - Iteration 13.	[MsgId: MMSG-10545]
Action.c(499): web_add_header("Authorization") highest severity level was "warning"  	[MsgId: MMSG-26391]
Action.c(502): web_remove_auto_header("X-Requested-With") started  	[MsgId: MMSG-26355]
Action.c(502): Previous automatically added web header for "X-Requested-With" removed  	[MsgId: MMSG-26587]
Action.c(502): web_remove/revert_auto_header("X-Requested-With") was successful  	[MsgId: MMSG-26392]
Action.c(503): web_reg_find started  	[MsgId: MMSG-26355]
Action.c(503): Registering web_reg_find was successful  	[MsgId: MMSG-26390]
Action.c(509): web_custom_request("{userId}_4") started  	[MsgId: MMSG-26355]
Action.c(509): Error -26612: HTTP Status-Code=500 (Internal Server Error) for "https://www.advantageonlineshopping.com/order/api/v1/orders/users/980698519"  	[MsgId: MERR-26612]
Action.c(509): Error -26366: "Text=order completed successfully" not found for web_reg_find  	[MsgId: MERR-26366]
End auto log messages stack.	[MsgId: MMSG-10544]


Start auto log messages stack - Iteration 4.	[MsgId: MMSG-10545]
Action.c(499): web_add_header("Authorization") highest severity level was "warning"  	[MsgId: MMSG-26391]
Action.c(502): web_remove_auto_header("X-Requested-With") started  	[MsgId: MMSG-26355]
Action.c(502): Previous automatically added web header for "X-Requested-With" removed  	[MsgId: MMSG-26587]
Action.c(502): web_remove/revert_auto_header("X-Requested-With") was successful  	[MsgId: MMSG-26392]
Action.c(503): web_reg_find started  	[MsgId: MMSG-26355]
Action.c(503): Registering web_reg_find was successful  	[MsgId: MMSG-26390]
Action.c(509): web_custom_request("{userId}_4") started  	[MsgId: MMSG-26355]
Action.c(509): Error -26612: HTTP Status-Code=500 (Internal Server Error) for "https://www.advantageonlineshopping.com/order/api/v1/orders/users/581598222"  	[MsgId: MERR-26612]
Action.c(509): Error -26366: "Text=order completed successfully" not found for web_reg_find  	[MsgId: MERR-26366]
End auto log messages stack.	[MsgId: MMSG-10544]


Start auto log messages stack - Iteration 17.	[MsgId: MMSG-10545]
Action.c(499): web_add_header("Authorization") highest severity level was "warning"  	[MsgId: MMSG-26391]
Action.c(502): web_remove_auto_header("X-Requested-With") started  	[MsgId: MMSG-26355]
Action.c(502): Previous automatically added web header for "X-Requested-With" removed  	[MsgId: MMSG-26587]
Action.c(502): web_remove/revert_auto_header("X-Requested-With") was successful  	[MsgId: MMSG-26392]
Action.c(503): web_reg_find started  	[MsgId: MMSG-26355]
Action.c(503): Registering web_reg_find was successful  	[MsgId: MMSG-26390]
Action.c(509): web_custom_request("{userId}_4") started  	[MsgId: MMSG-26355]
Action.c(509): Error -26612: HTTP Status-Code=500 (Internal Server Error) for "https://www.advantageonlineshopping.com/order/api/v1/orders/users/276697653"  	[MsgId: MERR-26612]
Action.c(509): Error -26366: "Text=order completed successfully" not found for web_reg_find  	[MsgId: MERR-26366]
End auto log messages stack.	[MsgId: MMSG-10544]


Start auto log messages stack - Iteration 31.	[MsgId: MMSG-10545]
Action.c(499): web_add_header("Authorization") highest severity level was "warning"  	[MsgId: MMSG-26391]
Action.c(502): web_remove_auto_header("X-Requested-With") started  	[MsgId: MMSG-26355]
Action.c(502): Previous automatically added web header for "X-Requested-With" removed  	[MsgId: MMSG-26587]
Action.c(502): web_remove/revert_auto_header("X-Requested-With") was successful  	[MsgId: MMSG-26392]
Action.c(503): web_reg_find started  	[MsgId: MMSG-26355]
Action.c(503): Registering web_reg_find was successful  	[MsgId: MMSG-26390]
Action.c(509): web_custom_request("{userId}_4") started  	[MsgId: MMSG-26355]
Action.c(509): Error -26612: HTTP Status-Code=500 (Internal Server Error) for "https://www.advantageonlineshopping.com/order/api/v1/orders/users/565977180"  	[MsgId: MERR-26612]
Action.c(509): Error -26366: "Text=order completed successfully" not found for web_reg_find  	[MsgId: MERR-26366]
End auto log messages stack.	[MsgId: MMSG-10544]


Start auto log messages stack - Iteration 6.	[MsgId: MMSG-10545]
Action.c(499): web_add_header("Authorization") highest severity level was "warning"  	[MsgId: MMSG-26391]
Action.c(502): web_remove_auto_header("X-Requested-With") started  	[MsgId: MMSG-26355]
Action.c(502): Previous automatically added web header for "X-Requested-With" removed  	[MsgId: MMSG-26587]
Action.c(502): web_remove/revert_auto_header("X-Requested-With") was successful  	[MsgId: MMSG-26392]
Action.c(503): web_reg_find started  	[MsgId: MMSG-26355]
Action.c(503): Registering web_reg_find was successful  	[MsgId: MMSG-26390]
Action.c(509): web_custom_request("{userId}_4") started  	[MsgId: MMSG-26355]
Action.c(509): Error -26612: HTTP Status-Code=500 (Internal Server Error) for "https://www.advantageonlineshopping.com/order/api/v1/orders/users/565977180"  	[MsgId: MERR-26612]
Action.c(509): Error -26366: "Text=order completed successfully" not found for web_reg_find  	[MsgId: MERR-26366]
End auto log messages stack.	[MsgId: MMSG-10544]


Start auto log messages stack - Iteration 32.	[MsgId: MMSG-10545]
Action.c(499): web_add_header("Authorization") highest severity level was "warning"  	[MsgId: MMSG-26391]
Action.c(502): web_remove_auto_header("X-Requested-With") started  	[MsgId: MMSG-26355]
Action.c(502): Previous automatically added web header for "X-Requested-With" removed  	[MsgId: MMSG-26587]
Action.c(502): web_remove/revert_auto_header("X-Requested-With") was successful  	[MsgId: MMSG-26392]
Action.c(503): web_reg_find started  	[MsgId: MMSG-26355]
Action.c(503): Registering web_reg_find was successful  	[MsgId: MMSG-26390]
Action.c(509): web_custom_request("{userId}_4") started  	[MsgId: MMSG-26355]
Action.c(509): Error -26612: HTTP Status-Code=500 (Internal Server Error) for "https://www.advantageonlineshopping.com/order/api/v1/orders/users/276697653"  	[MsgId: MERR-26612]
Action.c(509): Error -26366: "Text=order completed successfully" not found for web_reg_find  	[MsgId: MERR-26366]
End auto log messages stack.	[MsgId: MMSG-10544]


Start auto log messages stack - Iteration 8.	[MsgId: MMSG-10545]
Action.c(499): web_add_header("Authorization") highest severity level was "warning"  	[MsgId: MMSG-26391]
Action.c(502): web_remove_auto_header("X-Requested-With") started  	[MsgId: MMSG-26355]
Action.c(502): Previous automatically added web header for "X-Requested-With" removed  	[MsgId: MMSG-26587]
Action.c(502): web_remove/revert_auto_header("X-Requested-With") was successful  	[MsgId: MMSG-26392]
Action.c(503): web_reg_find started  	[MsgId: MMSG-26355]
Action.c(503): Registering web_reg_find was successful  	[MsgId: MMSG-26390]
Action.c(509): web_custom_request("{userId}_4") started  	[MsgId: MMSG-26355]
Action.c(509): Error -26612: HTTP Status-Code=500 (Internal Server Error) for "https://www.advantageonlineshopping.com/order/api/v1/orders/users/980698519"  	[MsgId: MERR-26612]
Action.c(509): Error -26366: "Text=order completed successfully" not found for web_reg_find  	[MsgId: MERR-26366]
End auto log messages stack.	[MsgId: MMSG-10544]


Start auto log messages stack - Iteration 34.	[MsgId: MMSG-10545]
Action.c(499): web_add_header("Authorization") highest severity level was "warning"  	[MsgId: MMSG-26391]
Action.c(502): web_remove_auto_header("X-Requested-With") started  	[MsgId: MMSG-26355]
Action.c(502): Previous automatically added web header for "X-Requested-With" removed  	[MsgId: MMSG-26587]
Action.c(502): web_remove/revert_auto_header("X-Requested-With") was successful  	[MsgId: MMSG-26392]
Action.c(503): web_reg_find started  	[MsgId: MMSG-26355]
Action.c(503): Registering web_reg_find was successful  	[MsgId: MMSG-26390]
Action.c(509): web_custom_request("{userId}_4") started  	[MsgId: MMSG-26355]
Action.c(509): Error -26612: HTTP Status-Code=500 (Internal Server Error) for "https://www.advantageonlineshopping.com/order/api/v1/orders/users/581598222"  	[MsgId: MERR-26612]
Action.c(509): Error -26366: "Text=order completed successfully" not found for web_reg_find  	[MsgId: MERR-26366]
End auto log messages stack.	[MsgId: MMSG-10544]


Start auto log messages stack - Iteration 35.	[MsgId: MMSG-10545]
Action.c(499): web_add_header("Authorization") highest severity level was "warning"  	[MsgId: MMSG-26391]
Action.c(502): web_remove_auto_header("X-Requested-With") started  	[MsgId: MMSG-26355]
Action.c(502): Previous automatically added web header for "X-Requested-With" removed  	[MsgId: MMSG-26587]
Action.c(502): web_remove/revert_auto_header("X-Requested-With") was successful  	[MsgId: MMSG-26392]
Action.c(503): web_reg_find started  	[MsgId: MMSG-26355]
Action.c(503): Registering web_reg_find was successful  	[MsgId: MMSG-26390]
Action.c(509): web_custom_request("{userId}_4") started  	[MsgId: MMSG-26355]
Action.c(509): Error -26612: HTTP Status-Code=500 (Internal Server Error) for "https://www.advantageonlineshopping.com/order/api/v1/orders/users/663613289"  	[MsgId: MERR-26612]
Action.c(509): Error -26366: "Text=order completed successfully" not found for web_reg_find  	[MsgId: MERR-26366]
End auto log messages stack.	[MsgId: MMSG-10544]


Start auto log messages stack - Iteration 24.	[MsgId: MMSG-10545]
Action.c(499): web_add_header("Authorization") highest severity level was "warning"  	[MsgId: MMSG-26391]
Action.c(502): web_remove_auto_header("X-Requested-With") started  	[MsgId: MMSG-26355]
Action.c(502): Previous automatically added web header for "X-Requested-With" removed  	[MsgId: MMSG-26587]
Action.c(502): web_remove/revert_auto_header("X-Requested-With") was successful  	[MsgId: MMSG-26392]
Action.c(503): web_reg_find started  	[MsgId: MMSG-26355]
Action.c(503): Registering web_reg_find was successful  	[MsgId: MMSG-26390]
Action.c(509): web_custom_request("{userId}_4") started  	[MsgId: MMSG-26355]
Action.c(509): Error -26612: HTTP Status-Code=500 (Internal Server Error) for "https://www.advantageonlineshopping.com/order/api/v1/orders/users/581598222"  	[MsgId: MERR-26612]
Action.c(509): Error -26366: "Text=order completed successfully" not found for web_reg_find  	[MsgId: MERR-26366]
End auto log messages stack.	[MsgId: MMSG-10544]


Start auto log messages stack - Iteration 38.	[MsgId: MMSG-10545]
Action.c(499): web_add_header("Authorization") highest severity level was "warning"  	[MsgId: MMSG-26391]
Action.c(502): web_remove_auto_header("X-Requested-With") started  	[MsgId: MMSG-26355]
Action.c(502): Previous automatically added web header for "X-Requested-With" removed  	[MsgId: MMSG-26587]
Action.c(502): web_remove/revert_auto_header("X-Requested-With") was successful  	[MsgId: MMSG-26392]
Action.c(503): web_reg_find started  	[MsgId: MMSG-26355]
Action.c(503): Registering web_reg_find was successful  	[MsgId: MMSG-26390]
Action.c(509): web_custom_request("{userId}_4") started  	[MsgId: MMSG-26355]
Action.c(509): Error -26612: HTTP Status-Code=500 (Internal Server Error) for "https://www.advantageonlineshopping.com/order/api/v1/orders/users/980698519"  	[MsgId: MERR-26612]
Action.c(509): Error -26366: "Text=order completed successfully" not found for web_reg_find  	[MsgId: MERR-26366]
End auto log messages stack.	[MsgId: MMSG-10544]


Start auto log messages stack - Iteration 1.	[MsgId: MMSG-10545]
Action.c(499): web_add_header("Authorization") highest severity level was "warning"  	[MsgId: MMSG-26391]
Action.c(502): web_remove_auto_header("X-Requested-With") started  	[MsgId: MMSG-26355]
Action.c(502): Previous automatically added web header for "X-Requested-With" removed  	[MsgId: MMSG-26587]
Action.c(502): web_remove/revert_auto_header("X-Requested-With") was successful  	[MsgId: MMSG-26392]
Action.c(503): web_reg_find started  	[MsgId: MMSG-26355]
Action.c(503): Registering web_reg_find was successful  	[MsgId: MMSG-26390]
Action.c(509): web_custom_request("{userId}_4") started  	[MsgId: MMSG-26355]
Action.c(509): Error -26612: HTTP Status-Code=500 (Internal Server Error) for "https://www.advantageonlineshopping.com/order/api/v1/orders/users/565977180"  	[MsgId: MERR-26612]
Action.c(509): Error -26366: "Text=order completed successfully" not found for web_reg_find  	[MsgId: MERR-26366]
End auto log messages stack.	[MsgId: MMSG-10544]


Start auto log messages stack - Iteration 2.	[MsgId: MMSG-10545]
Action.c(499): web_add_header("Authorization") highest severity level was "warning"  	[MsgId: MMSG-26391]
Action.c(502): web_remove_auto_header("X-Requested-With") started  	[MsgId: MMSG-26355]
Action.c(502): Previous automatically added web header for "X-Requested-With" removed  	[MsgId: MMSG-26587]
Action.c(502): web_remove/revert_auto_header("X-Requested-With") was successful  	[MsgId: MMSG-26392]
Action.c(503): web_reg_find started  	[MsgId: MMSG-26355]
Action.c(503): Registering web_reg_find was successful  	[MsgId: MMSG-26390]
Action.c(509): web_custom_request("{userId}_4") started  	[MsgId: MMSG-26355]
Action.c(509): Error -26612: HTTP Status-Code=500 (Internal Server Error) for "https://www.advantageonlineshopping.com/order/api/v1/orders/users/276697653"  	[MsgId: MERR-26612]
Action.c(509): Error -26366: "Text=order completed successfully" not found for web_reg_find  	[MsgId: MERR-26366]
End auto log messages stack.	[MsgId: MMSG-10544]


Start auto log messages stack - Iteration 28.	[MsgId: MMSG-10545]
Action.c(321): Registering web_reg_find was successful  	[MsgId: MMSG-26390]
Action.c(324): web_add_header("Authorization") started  	[MsgId: MMSG-26355]
Action.c(324): Warning -26594: The header being added may cause unpredictable results if applied to ALL the URLs generated on behalf of the next script function. It will apply to the primary URL only.  	[MsgId: MWAR-26594]
Action.c(324): web_add_header("Authorization") highest severity level was "warning"  	[MsgId: MMSG-26391]
Action.c(327): web_add_auto_header("Origin") started  	[MsgId: MMSG-26355]
Action.c(327): web_add_auto_header("Origin") was successful  	[MsgId: MMSG-26392]
Action.c(330): lr_think_time: 5,00 seconds.	[MsgId: MMSG-15948]
Action.c(332): web_submit_data("414141") started  	[MsgId: MMSG-26355]
Action.c(332): Error -26612: HTTP Status-Code=500 (Internal Server Error) for "https://www.advantageonlineshopping.com/order/api/v1/carts/980698519/product/20/color/414141?quantity=1"  	[MsgId: MERR-26612]
Action.c(332): Error -26366: "Text=productsInCart" not found for web_reg_find  	[MsgId: MERR-26366]
End auto log messages stack.	[MsgId: MMSG-10544]


Start auto log messages stack - Iteration 3.	[MsgId: MMSG-10545]
Action.c(499): web_add_header("Authorization") highest severity level was "warning"  	[MsgId: MMSG-26391]
Action.c(502): web_remove_auto_header("X-Requested-With") started  	[MsgId: MMSG-26355]
Action.c(502): Previous automatically added web header for "X-Requested-With" removed  	[MsgId: MMSG-26587]
Action.c(502): web_remove/revert_auto_header("X-Requested-With") was successful  	[MsgId: MMSG-26392]
Action.c(503): web_reg_find started  	[MsgId: MMSG-26355]
Action.c(503): Registering web_reg_find was successful  	[MsgId: MMSG-26390]
Action.c(509): web_custom_request("{userId}_4") started  	[MsgId: MMSG-26355]
Action.c(509): Error -26612: HTTP Status-Code=500 (Internal Server Error) for "https://www.advantageonlineshopping.com/order/api/v1/orders/users/980698519"  	[MsgId: MERR-26612]
Action.c(509): Error -26366: "Text=order completed successfully" not found for web_reg_find  	[MsgId: MERR-26366]
End auto log messages stack.	[MsgId: MMSG-10544]


Start auto log messages stack - Iteration 29.	[MsgId: MMSG-10545]
Action.c(499): web_add_header("Authorization") highest severity level was "warning"  	[MsgId: MMSG-26391]
Action.c(502): web_remove_auto_header("X-Requested-With") started  	[MsgId: MMSG-26355]
Action.c(502): Previous automatically added web header for "X-Requested-With" removed  	[MsgId: MMSG-26587]
Action.c(502): web_remove/revert_auto_header("X-Requested-With") was successful  	[MsgId: MMSG-26392]
Action.c(503): web_reg_find started  	[MsgId: MMSG-26355]
Action.c(503): Registering web_reg_find was successful  	[MsgId: MMSG-26390]
Action.c(509): web_custom_request("{userId}_4") started  	[MsgId: MMSG-26355]
Action.c(509): Error -26612: HTTP Status-Code=500 (Internal Server Error) for "https://www.advantageonlineshopping.com/order/api/v1/orders/users/581598222"  	[MsgId: MERR-26612]
Action.c(509): Error -26366: "Text=order completed successfully" not found for web_reg_find  	[MsgId: MERR-26366]
End auto log messages stack.	[MsgId: MMSG-10544]


Start auto log messages stack - Iteration 30.	[MsgId: MMSG-10545]
Action.c(499): web_add_header("Authorization") highest severity level was "warning"  	[MsgId: MMSG-26391]
Action.c(502): web_remove_auto_header("X-Requested-With") started  	[MsgId: MMSG-26355]
Action.c(502): Previous automatically added web header for "X-Requested-With" removed  	[MsgId: MMSG-26587]
Action.c(502): web_remove/revert_auto_header("X-Requested-With") was successful  	[MsgId: MMSG-26392]
Action.c(503): web_reg_find started  	[MsgId: MMSG-26355]
Action.c(503): Registering web_reg_find was successful  	[MsgId: MMSG-26390]
Action.c(509): web_custom_request("{userId}_4") started  	[MsgId: MMSG-26355]
Action.c(509): Error -26612: HTTP Status-Code=500 (Internal Server Error) for "https://www.advantageonlineshopping.com/order/api/v1/orders/users/663613289"  	[MsgId: MERR-26612]
Action.c(509): Error -26366: "Text=order completed successfully" not found for web_reg_find  	[MsgId: MERR-26366]
End auto log messages stack.	[MsgId: MMSG-10544]


Start auto log messages stack - Iteration 5.	[MsgId: MMSG-10545]
Action.c(499): web_add_header("Authorization") highest severity level was "warning"  	[MsgId: MMSG-26391]
Action.c(502): web_remove_auto_header("X-Requested-With") started  	[MsgId: MMSG-26355]
Action.c(502): Previous automatically added web header for "X-Requested-With" removed  	[MsgId: MMSG-26587]
Action.c(502): web_remove/revert_auto_header("X-Requested-With") was successful  	[MsgId: MMSG-26392]
Action.c(503): web_reg_find started  	[MsgId: MMSG-26355]
Action.c(503): Registering web_reg_find was successful  	[MsgId: MMSG-26390]
Action.c(509): web_custom_request("{userId}_4") started  	[MsgId: MMSG-26355]
Action.c(509): Error -26612: HTTP Status-Code=500 (Internal Server Error) for "https://www.advantageonlineshopping.com/order/api/v1/orders/users/663613289"  	[MsgId: MERR-26612]
Action.c(509): Error -26366: "Text=order completed successfully" not found for web_reg_find  	[MsgId: MERR-26366]
End auto log messages stack.	[MsgId: MMSG-10544]


Start auto log messages stack - Iteration 18.	[MsgId: MMSG-10545]
Action.c(499): web_add_header("Authorization") highest severity level was "warning"  	[MsgId: MMSG-26391]
Action.c(502): web_remove_auto_header("X-Requested-With") started  	[MsgId: MMSG-26355]
Action.c(502): Previous automatically added web header for "X-Requested-With" removed  	[MsgId: MMSG-26587]
Action.c(502): web_remove/revert_auto_header("X-Requested-With") was successful  	[MsgId: MMSG-26392]
Action.c(503): web_reg_find started  	[MsgId: MMSG-26355]
Action.c(503): Registering web_reg_find was successful  	[MsgId: MMSG-26390]
Action.c(509): web_custom_request("{userId}_4") started  	[MsgId: MMSG-26355]
Action.c(509): Error -26612: HTTP Status-Code=500 (Internal Server Error) for "https://www.advantageonlineshopping.com/order/api/v1/orders/users/980698519"  	[MsgId: MERR-26612]
Action.c(509): Error -26366: "Text=order completed successfully" not found for web_reg_find  	[MsgId: MERR-26366]
End auto log messages stack.	[MsgId: MMSG-10544]


Start auto log messages stack - Iteration 31.	[MsgId: MMSG-10545]
Action.c(499): web_add_header("Authorization") highest severity level was "warning"  	[MsgId: MMSG-26391]
Action.c(502): web_remove_auto_header("X-Requested-With") started  	[MsgId: MMSG-26355]
Action.c(502): Previous automatically added web header for "X-Requested-With" removed  	[MsgId: MMSG-26587]
Action.c(502): web_remove/revert_auto_header("X-Requested-With") was successful  	[MsgId: MMSG-26392]
Action.c(503): web_reg_find started  	[MsgId: MMSG-26355]
Action.c(503): Registering web_reg_find was successful  	[MsgId: MMSG-26390]
Action.c(509): web_custom_request("{userId}_4") started  	[MsgId: MMSG-26355]
Action.c(509): Error -26612: HTTP Status-Code=500 (Internal Server Error) for "https://www.advantageonlineshopping.com/order/api/v1/orders/users/565977180"  	[MsgId: MERR-26612]
Action.c(509): Error -26366: "Text=order completed successfully" not found for web_reg_find  	[MsgId: MERR-26366]
End auto log messages stack.	[MsgId: MMSG-10544]


Start auto log messages stack - Iteration 32.	[MsgId: MMSG-10545]
Action.c(502): web_remove/revert_auto_header("X-Requested-With") was successful  	[MsgId: MMSG-26392]
Action.c(503): web_reg_find started  	[MsgId: MMSG-26355]
Action.c(503): Registering web_reg_find was successful  	[MsgId: MMSG-26390]
Action.c(509): web_custom_request("{userId}_4") started  	[MsgId: MMSG-26355]
Action.c(509): Connection to www.advantageonlineshopping.com:443 closed after being inactive for 60 seconds, exceeding the "HTTP Keep-Alive timeout" Runtime Setting (60 seconds). URL="[None]"  	[MsgId: MMSG-27647]
Action.c(509): Connection to www.googletagmanager.com:443 closed after being inactive for 60 seconds, exceeding the "HTTP Keep-Alive timeout" Runtime Setting (60 seconds). URL="[None]"  	[MsgId: MMSG-27647]
Action.c(509): Error -26612: HTTP Status-Code=500 (Internal Server Error) for "https://www.advantageonlineshopping.com/order/api/v1/orders/users/276697653"  	[MsgId: MERR-26612]
Action.c(509): Error -26366: "Text=order completed successfully" not found for web_reg_find  	[MsgId: MERR-26366]
End auto log messages stack.	[MsgId: MMSG-10544]


Start auto log messages stack - Iteration 20.	[MsgId: MMSG-10545]
Action.c(499): web_add_header("Authorization") highest severity level was "warning"  	[MsgId: MMSG-26391]
Action.c(502): web_remove_auto_header("X-Requested-With") started  	[MsgId: MMSG-26355]
Action.c(502): Previous automatically added web header for "X-Requested-With" removed  	[MsgId: MMSG-26587]
Action.c(502): web_remove/revert_auto_header("X-Requested-With") was successful  	[MsgId: MMSG-26392]
Action.c(503): web_reg_find started  	[MsgId: MMSG-26355]
Action.c(503): Registering web_reg_find was successful  	[MsgId: MMSG-26390]
Action.c(509): web_custom_request("{userId}_4") started  	[MsgId: MMSG-26355]
Action.c(509): Error -26612: HTTP Status-Code=500 (Internal Server Error) for "https://www.advantageonlineshopping.com/order/api/v1/orders/users/663613289"  	[MsgId: MERR-26612]
Action.c(509): Error -26366: "Text=order completed successfully" not found for web_reg_find  	[MsgId: MERR-26366]
End auto log messages stack.	[MsgId: MMSG-10544]


Start auto log messages stack - Iteration 20.	[MsgId: MMSG-10545]
Action.c(499): web_add_header("Authorization") highest severity level was "warning"  	[MsgId: MMSG-26391]
Action.c(502): web_remove_auto_header("X-Requested-With") started  	[MsgId: MMSG-26355]
Action.c(502): Previous automatically added web header for "X-Requested-With" removed  	[MsgId: MMSG-26587]
Action.c(502): web_remove/revert_auto_header("X-Requested-With") was successful  	[MsgId: MMSG-26392]
Action.c(503): web_reg_find started  	[MsgId: MMSG-26355]
Action.c(503): Registering web_reg_find was successful  	[MsgId: MMSG-26390]
Action.c(509): web_custom_request("{userId}_4") started  	[MsgId: MMSG-26355]
Action.c(509): Error -26612: HTTP Status-Code=500 (Internal Server Error) for "https://www.advantageonlineshopping.com/order/api/v1/orders/users/663613289"  	[MsgId: MERR-26612]
Action.c(509): Error -26366: "Text=order completed successfully" not found for web_reg_find  	[MsgId: MERR-26366]
End auto log messages stack.	[MsgId: MMSG-10544]


Start auto log messages stack - Iteration 21.	[MsgId: MMSG-10545]
Action.c(499): web_add_header("Authorization") highest severity level was "warning"  	[MsgId: MMSG-26391]
Action.c(502): web_remove_auto_header("X-Requested-With") started  	[MsgId: MMSG-26355]
Action.c(502): Previous automatically added web header for "X-Requested-With" removed  	[MsgId: MMSG-26587]
Action.c(502): web_remove/revert_auto_header("X-Requested-With") was successful  	[MsgId: MMSG-26392]
Action.c(503): web_reg_find started  	[MsgId: MMSG-26355]
Action.c(503): Registering web_reg_find was successful  	[MsgId: MMSG-26390]
Action.c(509): web_custom_request("{userId}_4") started  	[MsgId: MMSG-26355]
Action.c(509): Error -26612: HTTP Status-Code=500 (Internal Server Error) for "https://www.advantageonlineshopping.com/order/api/v1/orders/users/565977180"  	[MsgId: MERR-26612]
Action.c(509): Error -26366: "Text=order completed successfully" not found for web_reg_find  	[MsgId: MERR-26366]
End auto log messages stack.	[MsgId: MMSG-10544]


Start auto log messages stack - Iteration 21.	[MsgId: MMSG-10545]
Action.c(499): web_add_header("Authorization") highest severity level was "warning"  	[MsgId: MMSG-26391]
Action.c(502): web_remove_auto_header("X-Requested-With") started  	[MsgId: MMSG-26355]
Action.c(502): Previous automatically added web header for "X-Requested-With" removed  	[MsgId: MMSG-26587]
Action.c(502): web_remove/revert_auto_header("X-Requested-With") was successful  	[MsgId: MMSG-26392]
Action.c(503): web_reg_find started  	[MsgId: MMSG-26355]
Action.c(503): Registering web_reg_find was successful  	[MsgId: MMSG-26390]
Action.c(509): web_custom_request("{userId}_4") started  	[MsgId: MMSG-26355]
Action.c(509): Error -26612: HTTP Status-Code=500 (Internal Server Error) for "https://www.advantageonlineshopping.com/order/api/v1/orders/users/565977180"  	[MsgId: MERR-26612]
Action.c(509): Error -26366: "Text=order completed successfully" not found for web_reg_find  	[MsgId: MERR-26366]
End auto log messages stack.	[MsgId: MMSG-10544]


Start auto log messages stack - Iteration 34.	[MsgId: MMSG-10545]
Action.c(499): web_add_header("Authorization") highest severity level was "warning"  	[MsgId: MMSG-26391]
Action.c(502): web_remove_auto_header("X-Requested-With") started  	[MsgId: MMSG-26355]
Action.c(502): Previous automatically added web header for "X-Requested-With" removed  	[MsgId: MMSG-26587]
Action.c(502): web_remove/revert_auto_header("X-Requested-With") was successful  	[MsgId: MMSG-26392]
Action.c(503): web_reg_find started  	[MsgId: MMSG-26355]
Action.c(503): Registering web_reg_find was successful  	[MsgId: MMSG-26390]
Action.c(509): web_custom_request("{userId}_4") started  	[MsgId: MMSG-26355]
Action.c(509): Error -26612: HTTP Status-Code=500 (Internal Server Error) for "https://www.advantageonlineshopping.com/order/api/v1/orders/users/581598222"  	[MsgId: MERR-26612]
Action.c(509): Error -26366: "Text=order completed successfully" not found for web_reg_find  	[MsgId: MERR-26366]
End auto log messages stack.	[MsgId: MMSG-10544]


Start auto log messages stack - Iteration 47.	[MsgId: MMSG-10545]
Action.c(499): web_add_header("Authorization") highest severity level was "warning"  	[MsgId: MMSG-26391]
Action.c(502): web_remove_auto_header("X-Requested-With") started  	[MsgId: MMSG-26355]
Action.c(502): Previous automatically added web header for "X-Requested-With" removed  	[MsgId: MMSG-26587]
Action.c(502): web_remove/revert_auto_header("X-Requested-With") was successful  	[MsgId: MMSG-26392]
Action.c(503): web_reg_find started  	[MsgId: MMSG-26355]
Action.c(503): Registering web_reg_find was successful  	[MsgId: MMSG-26390]
Action.c(509): web_custom_request("{userId}_4") started  	[MsgId: MMSG-26355]
Action.c(509): Error -26612: HTTP Status-Code=500 (Internal Server Error) for "https://www.advantageonlineshopping.com/order/api/v1/orders/users/276697653"  	[MsgId: MERR-26612]
Action.c(509): Error -26366: "Text=order completed successfully" not found for web_reg_find  	[MsgId: MERR-26366]
End auto log messages stack.	[MsgId: MMSG-10544]


Start auto log messages stack - Iteration 48.	[MsgId: MMSG-10545]
Action.c(499): web_add_header("Authorization") highest severity level was "warning"  	[MsgId: MMSG-26391]
Action.c(502): web_remove_auto_header("X-Requested-With") started  	[MsgId: MMSG-26355]
Action.c(502): Previous automatically added web header for "X-Requested-With" removed  	[MsgId: MMSG-26587]
Action.c(502): web_remove/revert_auto_header("X-Requested-With") was successful  	[MsgId: MMSG-26392]
Action.c(503): web_reg_find started  	[MsgId: MMSG-26355]
Action.c(503): Registering web_reg_find was successful  	[MsgId: MMSG-26390]
Action.c(509): web_custom_request("{userId}_4") started  	[MsgId: MMSG-26355]
Action.c(509): Error -26612: HTTP Status-Code=500 (Internal Server Error) for "https://www.advantageonlineshopping.com/order/api/v1/orders/users/980698519"  	[MsgId: MERR-26612]
Action.c(509): Error -26366: "Text=order completed successfully" not found for web_reg_find  	[MsgId: MERR-26366]
End auto log messages stack.	[MsgId: MMSG-10544]


Start auto log messages stack - Iteration 11.	[MsgId: MMSG-10545]
Action.c(502): web_remove_auto_header("X-Requested-With") started  	[MsgId: MMSG-26355]
Action.c(502): Previous automatically added web header for "X-Requested-With" removed  	[MsgId: MMSG-26587]
Action.c(502): web_remove/revert_auto_header("X-Requested-With") was successful  	[MsgId: MMSG-26392]
Action.c(503): web_reg_find started  	[MsgId: MMSG-26355]
Action.c(503): Registering web_reg_find was successful  	[MsgId: MMSG-26390]
Action.c(509): web_custom_request("{userId}_4") started  	[MsgId: MMSG-26355]
Action.c(509): Connection to www.advantageonlineshopping.com:443 closed after being inactive for 60 seconds, exceeding the "HTTP Keep-Alive timeout" Runtime Setting (60 seconds). URL="[None]"  	[MsgId: MMSG-27647]
Action.c(509): Error -26612: HTTP Status-Code=500 (Internal Server Error) for "https://www.advantageonlineshopping.com/order/api/v1/orders/users/565977180"  	[MsgId: MERR-26612]
Action.c(509): Error -26366: "Text=order completed successfully" not found for web_reg_find  	[MsgId: MERR-26366]
End auto log messages stack.	[MsgId: MMSG-10544]


Start auto log messages stack - Iteration 12.	[MsgId: MMSG-10545]
Action.c(499): web_add_header("Authorization") highest severity level was "warning"  	[MsgId: MMSG-26391]
Action.c(502): web_remove_auto_header("X-Requested-With") started  	[MsgId: MMSG-26355]
Action.c(502): Previous automatically added web header for "X-Requested-With" removed  	[MsgId: MMSG-26587]
Action.c(502): web_remove/revert_auto_header("X-Requested-With") was successful  	[MsgId: MMSG-26392]
Action.c(503): web_reg_find started  	[MsgId: MMSG-26355]
Action.c(503): Registering web_reg_find was successful  	[MsgId: MMSG-26390]
Action.c(509): web_custom_request("{userId}_4") started  	[MsgId: MMSG-26355]
Action.c(509): Error -26612: HTTP Status-Code=500 (Internal Server Error) for "https://www.advantageonlineshopping.com/order/api/v1/orders/users/276697653"  	[MsgId: MERR-26612]
Action.c(509): Error -26366: "Text=order completed successfully" not found for web_reg_find  	[MsgId: MERR-26366]
End auto log messages stack.	[MsgId: MMSG-10544]


Start auto log messages stack - Iteration 12.	[MsgId: MMSG-10545]
Action.c(499): web_add_header("Authorization") highest severity level was "warning"  	[MsgId: MMSG-26391]
Action.c(502): web_remove_auto_header("X-Requested-With") started  	[MsgId: MMSG-26355]
Action.c(502): Previous automatically added web header for "X-Requested-With" removed  	[MsgId: MMSG-26587]
Action.c(502): web_remove/revert_auto_header("X-Requested-With") was successful  	[MsgId: MMSG-26392]
Action.c(503): web_reg_find started  	[MsgId: MMSG-26355]
Action.c(503): Registering web_reg_find was successful  	[MsgId: MMSG-26390]
Action.c(509): web_custom_request("{userId}_4") started  	[MsgId: MMSG-26355]
Action.c(509): Error -26612: HTTP Status-Code=500 (Internal Server Error) for "https://www.advantageonlineshopping.com/order/api/v1/orders/users/276697653"  	[MsgId: MERR-26612]
Action.c(509): Error -26366: "Text=order completed successfully" not found for web_reg_find  	[MsgId: MERR-26366]
End auto log messages stack.	[MsgId: MMSG-10544]


Start auto log messages stack - Iteration 39.	[MsgId: MMSG-10545]
Action.c(499): web_add_header("Authorization") highest severity level was "warning"  	[MsgId: MMSG-26391]
Action.c(502): web_remove_auto_header("X-Requested-With") started  	[MsgId: MMSG-26355]
Action.c(502): Previous automatically added web header for "X-Requested-With" removed  	[MsgId: MMSG-26587]
Action.c(502): web_remove/revert_auto_header("X-Requested-With") was successful  	[MsgId: MMSG-26392]
Action.c(503): web_reg_find started  	[MsgId: MMSG-26355]
Action.c(503): Registering web_reg_find was successful  	[MsgId: MMSG-26390]
Action.c(509): web_custom_request("{userId}_4") started  	[MsgId: MMSG-26355]
Action.c(509): Error -26612: HTTP Status-Code=500 (Internal Server Error) for "https://www.advantageonlineshopping.com/order/api/v1/orders/users/581598222"  	[MsgId: MERR-26612]
Action.c(509): Error -26366: "Text=order completed successfully" not found for web_reg_find  	[MsgId: MERR-26366]
End auto log messages stack.	[MsgId: MMSG-10544]


Start auto log messages stack - Iteration 40.	[MsgId: MMSG-10545]
Action.c(499): web_add_header("Authorization") highest severity level was "warning"  	[MsgId: MMSG-26391]
Action.c(502): web_remove_auto_header("X-Requested-With") started  	[MsgId: MMSG-26355]
Action.c(502): Previous automatically added web header for "X-Requested-With" removed  	[MsgId: MMSG-26587]
Action.c(502): web_remove/revert_auto_header("X-Requested-With") was successful  	[MsgId: MMSG-26392]
Action.c(503): web_reg_find started  	[MsgId: MMSG-26355]
Action.c(503): Registering web_reg_find was successful  	[MsgId: MMSG-26390]
Action.c(509): web_custom_request("{userId}_4") started  	[MsgId: MMSG-26355]
Action.c(509): Error -26612: HTTP Status-Code=500 (Internal Server Error) for "https://www.advantageonlineshopping.com/order/api/v1/orders/users/663613289"  	[MsgId: MERR-26612]
Action.c(509): Error -26366: "Text=order completed successfully" not found for web_reg_find  	[MsgId: MERR-26366]
End auto log messages stack.	[MsgId: MMSG-10544]


Start auto log messages stack - Iteration 14.	[MsgId: MMSG-10545]
Action.c(499): web_add_header("Authorization") highest severity level was "warning"  	[MsgId: MMSG-26391]
Action.c(502): web_remove_auto_header("X-Requested-With") started  	[MsgId: MMSG-26355]
Action.c(502): Previous automatically added web header for "X-Requested-With" removed  	[MsgId: MMSG-26587]
Action.c(502): web_remove/revert_auto_header("X-Requested-With") was successful  	[MsgId: MMSG-26392]
Action.c(503): web_reg_find started  	[MsgId: MMSG-26355]
Action.c(503): Registering web_reg_find was successful  	[MsgId: MMSG-26390]
Action.c(509): web_custom_request("{userId}_4") started  	[MsgId: MMSG-26355]
Action.c(509): Error -26612: HTTP Status-Code=500 (Internal Server Error) for "https://www.advantageonlineshopping.com/order/api/v1/orders/users/581598222"  	[MsgId: MERR-26612]
Action.c(509): Error -26366: "Text=order completed successfully" not found for web_reg_find  	[MsgId: MERR-26366]
End auto log messages stack.	[MsgId: MMSG-10544]


Start auto log messages stack - Iteration 29.	[MsgId: MMSG-10545]
Action.c(499): web_add_header("Authorization") highest severity level was "warning"  	[MsgId: MMSG-26391]
Action.c(502): web_remove_auto_header("X-Requested-With") started  	[MsgId: MMSG-26355]
Action.c(502): Previous automatically added web header for "X-Requested-With" removed  	[MsgId: MMSG-26587]
Action.c(502): web_remove/revert_auto_header("X-Requested-With") was successful  	[MsgId: MMSG-26392]
Action.c(503): web_reg_find started  	[MsgId: MMSG-26355]
Action.c(503): Registering web_reg_find was successful  	[MsgId: MMSG-26390]
Action.c(509): web_custom_request("{userId}_4") started  	[MsgId: MMSG-26355]
Action.c(509): Error -26612: HTTP Status-Code=500 (Internal Server Error) for "https://www.advantageonlineshopping.com/order/api/v1/orders/users/581598222"  	[MsgId: MERR-26612]
Action.c(509): Error -26366: "Text=order completed successfully" not found for web_reg_find  	[MsgId: MERR-26366]
End auto log messages stack.	[MsgId: MMSG-10544]


Start auto log messages stack - Iteration 42.	[MsgId: MMSG-10545]
Action.c(499): web_add_header("Authorization") highest severity level was "warning"  	[MsgId: MMSG-26391]
Action.c(502): web_remove_auto_header("X-Requested-With") started  	[MsgId: MMSG-26355]
Action.c(502): Previous automatically added web header for "X-Requested-With" removed  	[MsgId: MMSG-26587]
Action.c(502): web_remove/revert_auto_header("X-Requested-With") was successful  	[MsgId: MMSG-26392]
Action.c(503): web_reg_find started  	[MsgId: MMSG-26355]
Action.c(503): Registering web_reg_find was successful  	[MsgId: MMSG-26390]
Action.c(509): web_custom_request("{userId}_4") started  	[MsgId: MMSG-26355]
Action.c(509): Error -26612: HTTP Status-Code=500 (Internal Server Error) for "https://www.advantageonlineshopping.com/order/api/v1/orders/users/276697653"  	[MsgId: MERR-26612]
Action.c(509): Error -26366: "Text=order completed successfully" not found for web_reg_find  	[MsgId: MERR-26366]
End auto log messages stack.	[MsgId: MMSG-10544]


Start auto log messages stack - Iteration 29.	[MsgId: MMSG-10545]
Action.c(499): web_add_header("Authorization") highest severity level was "warning"  	[MsgId: MMSG-26391]
Action.c(502): web_remove_auto_header("X-Requested-With") started  	[MsgId: MMSG-26355]
Action.c(502): Previous automatically added web header for "X-Requested-With" removed  	[MsgId: MMSG-26587]
Action.c(502): web_remove/revert_auto_header("X-Requested-With") was successful  	[MsgId: MMSG-26392]
Action.c(503): web_reg_find started  	[MsgId: MMSG-26355]
Action.c(503): Registering web_reg_find was successful  	[MsgId: MMSG-26390]
Action.c(509): web_custom_request("{userId}_4") started  	[MsgId: MMSG-26355]
Action.c(509): Error -26612: HTTP Status-Code=500 (Internal Server Error) for "https://www.advantageonlineshopping.com/order/api/v1/orders/users/581598222"  	[MsgId: MERR-26612]
Action.c(509): Error -26366: "Text=order completed successfully" not found for web_reg_find  	[MsgId: MERR-26366]
End auto log messages stack.	[MsgId: MMSG-10544]


Start auto log messages stack - Iteration 29.	[MsgId: MMSG-10545]
Action.c(499): web_add_header("Authorization") highest severity level was "warning"  	[MsgId: MMSG-26391]
Action.c(502): web_remove_auto_header("X-Requested-With") started  	[MsgId: MMSG-26355]
Action.c(502): Previous automatically added web header for "X-Requested-With" removed  	[MsgId: MMSG-26587]
Action.c(502): web_remove/revert_auto_header("X-Requested-With") was successful  	[MsgId: MMSG-26392]
Action.c(503): web_reg_find started  	[MsgId: MMSG-26355]
Action.c(503): Registering web_reg_find was successful  	[MsgId: MMSG-26390]
Action.c(509): web_custom_request("{userId}_4") started  	[MsgId: MMSG-26355]
Action.c(509): Error -26612: HTTP Status-Code=500 (Internal Server Error) for "https://www.advantageonlineshopping.com/order/api/v1/orders/users/581598222"  	[MsgId: MERR-26612]
Action.c(509): Error -26366: "Text=order completed successfully" not found for web_reg_find  	[MsgId: MERR-26366]
End auto log messages stack.	[MsgId: MMSG-10544]


Start auto log messages stack - Iteration 30.	[MsgId: MMSG-10545]
Action.c(499): web_add_header("Authorization") highest severity level was "warning"  	[MsgId: MMSG-26391]
Action.c(502): web_remove_auto_header("X-Requested-With") started  	[MsgId: MMSG-26355]
Action.c(502): Previous automatically added web header for "X-Requested-With" removed  	[MsgId: MMSG-26587]
Action.c(502): web_remove/revert_auto_header("X-Requested-With") was successful  	[MsgId: MMSG-26392]
Action.c(503): web_reg_find started  	[MsgId: MMSG-26355]
Action.c(503): Registering web_reg_find was successful  	[MsgId: MMSG-26390]
Action.c(509): web_custom_request("{userId}_4") started  	[MsgId: MMSG-26355]
Action.c(509): Error -26612: HTTP Status-Code=500 (Internal Server Error) for "https://www.advantageonlineshopping.com/order/api/v1/orders/users/663613289"  	[MsgId: MERR-26612]
Action.c(509): Error -26366: "Text=order completed successfully" not found for web_reg_find  	[MsgId: MERR-26366]
End auto log messages stack.	[MsgId: MMSG-10544]


Start auto log messages stack - Iteration 56.	[MsgId: MMSG-10545]
Action.c(499): web_add_header("Authorization") highest severity level was "warning"  	[MsgId: MMSG-26391]
Action.c(502): web_remove_auto_header("X-Requested-With") started  	[MsgId: MMSG-26355]
Action.c(502): Previous automatically added web header for "X-Requested-With" removed  	[MsgId: MMSG-26587]
Action.c(502): web_remove/revert_auto_header("X-Requested-With") was successful  	[MsgId: MMSG-26392]
Action.c(503): web_reg_find started  	[MsgId: MMSG-26355]
Action.c(503): Registering web_reg_find was successful  	[MsgId: MMSG-26390]
Action.c(509): web_custom_request("{userId}_4") started  	[MsgId: MMSG-26355]
Action.c(509): Error -26612: HTTP Status-Code=500 (Internal Server Error) for "https://www.advantageonlineshopping.com/order/api/v1/orders/users/565977180"  	[MsgId: MERR-26612]
Action.c(509): Error -26366: "Text=order completed successfully" not found for web_reg_find  	[MsgId: MERR-26366]
End auto log messages stack.	[MsgId: MMSG-10544]


Start auto log messages stack - Iteration 57.	[MsgId: MMSG-10545]
Action.c(499): web_add_header("Authorization") highest severity level was "warning"  	[MsgId: MMSG-26391]
Action.c(502): web_remove_auto_header("X-Requested-With") started  	[MsgId: MMSG-26355]
Action.c(502): Previous automatically added web header for "X-Requested-With" removed  	[MsgId: MMSG-26587]
Action.c(502): web_remove/revert_auto_header("X-Requested-With") was successful  	[MsgId: MMSG-26392]
Action.c(503): web_reg_find started  	[MsgId: MMSG-26355]
Action.c(503): Registering web_reg_find was successful  	[MsgId: MMSG-26390]
Action.c(509): web_custom_request("{userId}_4") started  	[MsgId: MMSG-26355]
Action.c(509): Error -26612: HTTP Status-Code=500 (Internal Server Error) for "https://www.advantageonlineshopping.com/order/api/v1/orders/users/276697653"  	[MsgId: MERR-26612]
Action.c(509): Error -26366: "Text=order completed successfully" not found for web_reg_find  	[MsgId: MERR-26366]
End auto log messages stack.	[MsgId: MMSG-10544]


Start auto log messages stack - Iteration 44.	[MsgId: MMSG-10545]
Action.c(499): web_add_header("Authorization") highest severity level was "warning"  	[MsgId: MMSG-26391]
Action.c(502): web_remove_auto_header("X-Requested-With") started  	[MsgId: MMSG-26355]
Action.c(502): Previous automatically added web header for "X-Requested-With" removed  	[MsgId: MMSG-26587]
Action.c(502): web_remove/revert_auto_header("X-Requested-With") was successful  	[MsgId: MMSG-26392]
Action.c(503): web_reg_find started  	[MsgId: MMSG-26355]
Action.c(503): Registering web_reg_find was successful  	[MsgId: MMSG-26390]
Action.c(509): web_custom_request("{userId}_4") started  	[MsgId: MMSG-26355]
Action.c(509): Error -26612: HTTP Status-Code=500 (Internal Server Error) for "https://www.advantageonlineshopping.com/order/api/v1/orders/users/581598222"  	[MsgId: MERR-26612]
Action.c(509): Error -26366: "Text=order completed successfully" not found for web_reg_find  	[MsgId: MERR-26366]
End auto log messages stack.	[MsgId: MMSG-10544]


Start auto log messages stack - Iteration 57.	[MsgId: MMSG-10545]
Action.c(499): web_add_header("Authorization") highest severity level was "warning"  	[MsgId: MMSG-26391]
Action.c(502): web_remove_auto_header("X-Requested-With") started  	[MsgId: MMSG-26355]
Action.c(502): Previous automatically added web header for "X-Requested-With" removed  	[MsgId: MMSG-26587]
Action.c(502): web_remove/revert_auto_header("X-Requested-With") was successful  	[MsgId: MMSG-26392]
Action.c(503): web_reg_find started  	[MsgId: MMSG-26355]
Action.c(503): Registering web_reg_find was successful  	[MsgId: MMSG-26390]
Action.c(509): web_custom_request("{userId}_4") started  	[MsgId: MMSG-26355]
Action.c(509): Error -26612: HTTP Status-Code=500 (Internal Server Error) for "https://www.advantageonlineshopping.com/order/api/v1/orders/users/276697653"  	[MsgId: MERR-26612]
Action.c(509): Error -26366: "Text=order completed successfully" not found for web_reg_find  	[MsgId: MERR-26366]
End auto log messages stack.	[MsgId: MMSG-10544]


Start auto log messages stack - Iteration 6.	[MsgId: MMSG-10545]
Action.c(499): web_add_header("Authorization") highest severity level was "warning"  	[MsgId: MMSG-26391]
Action.c(502): web_remove_auto_header("X-Requested-With") started  	[MsgId: MMSG-26355]
Action.c(502): Previous automatically added web header for "X-Requested-With" removed  	[MsgId: MMSG-26587]
Action.c(502): web_remove/revert_auto_header("X-Requested-With") was successful  	[MsgId: MMSG-26392]
Action.c(503): web_reg_find started  	[MsgId: MMSG-26355]
Action.c(503): Registering web_reg_find was successful  	[MsgId: MMSG-26390]
Action.c(509): web_custom_request("{userId}_4") started  	[MsgId: MMSG-26355]
Action.c(509): Error -26612: HTTP Status-Code=500 (Internal Server Error) for "https://www.advantageonlineshopping.com/order/api/v1/orders/users/565977180"  	[MsgId: MERR-26612]
Action.c(509): Error -26366: "Text=order completed successfully" not found for web_reg_find  	[MsgId: MERR-26366]
End auto log messages stack.	[MsgId: MMSG-10544]


Start auto log messages stack - Iteration 58.	[MsgId: MMSG-10545]
Action.c(499): web_add_header("Authorization") highest severity level was "warning"  	[MsgId: MMSG-26391]
Action.c(502): web_remove_auto_header("X-Requested-With") started  	[MsgId: MMSG-26355]
Action.c(502): Previous automatically added web header for "X-Requested-With" removed  	[MsgId: MMSG-26587]
Action.c(502): web_remove/revert_auto_header("X-Requested-With") was successful  	[MsgId: MMSG-26392]
Action.c(503): web_reg_find started  	[MsgId: MMSG-26355]
Action.c(503): Registering web_reg_find was successful  	[MsgId: MMSG-26390]
Action.c(509): web_custom_request("{userId}_4") started  	[MsgId: MMSG-26355]
Action.c(509): Error -26612: HTTP Status-Code=500 (Internal Server Error) for "https://www.advantageonlineshopping.com/order/api/v1/orders/users/980698519"  	[MsgId: MERR-26612]
Action.c(509): Error -26366: "Text=order completed successfully" not found for web_reg_find  	[MsgId: MERR-26366]
End auto log messages stack.	[MsgId: MMSG-10544]


Start auto log messages stack - Iteration 6.	[MsgId: MMSG-10545]
Action.c(499): web_add_header("Authorization") highest severity level was "warning"  	[MsgId: MMSG-26391]
Action.c(502): web_remove_auto_header("X-Requested-With") started  	[MsgId: MMSG-26355]
Action.c(502): Previous automatically added web header for "X-Requested-With" removed  	[MsgId: MMSG-26587]
Action.c(502): web_remove/revert_auto_header("X-Requested-With") was successful  	[MsgId: MMSG-26392]
Action.c(503): web_reg_find started  	[MsgId: MMSG-26355]
Action.c(503): Registering web_reg_find was successful  	[MsgId: MMSG-26390]
Action.c(509): web_custom_request("{userId}_4") started  	[MsgId: MMSG-26355]
Action.c(509): Error -26612: HTTP Status-Code=500 (Internal Server Error) for "https://www.advantageonlineshopping.com/order/api/v1/orders/users/565977180"  	[MsgId: MERR-26612]
Action.c(509): Error -26366: "Text=order completed successfully" not found for web_reg_find  	[MsgId: MERR-26366]
End auto log messages stack.	[MsgId: MMSG-10544]


Start auto log messages stack - Iteration 33.	[MsgId: MMSG-10545]
Action.c(499): web_add_header("Authorization") highest severity level was "warning"  	[MsgId: MMSG-26391]
Action.c(502): web_remove_auto_header("X-Requested-With") started  	[MsgId: MMSG-26355]
Action.c(502): Previous automatically added web header for "X-Requested-With" removed  	[MsgId: MMSG-26587]
Action.c(502): web_remove/revert_auto_header("X-Requested-With") was successful  	[MsgId: MMSG-26392]
Action.c(503): web_reg_find started  	[MsgId: MMSG-26355]
Action.c(503): Registering web_reg_find was successful  	[MsgId: MMSG-26390]
Action.c(509): web_custom_request("{userId}_4") started  	[MsgId: MMSG-26355]
Action.c(509): Error -26612: HTTP Status-Code=500 (Internal Server Error) for "https://www.advantageonlineshopping.com/order/api/v1/orders/users/980698519"  	[MsgId: MERR-26612]
Action.c(509): Error -26366: "Text=order completed successfully" not found for web_reg_find  	[MsgId: MERR-26366]
End auto log messages stack.	[MsgId: MMSG-10544]


Start auto log messages stack - Iteration 8.	[MsgId: MMSG-10545]
Action.c(499): web_add_header("Authorization") highest severity level was "warning"  	[MsgId: MMSG-26391]
Action.c(502): web_remove_auto_header("X-Requested-With") started  	[MsgId: MMSG-26355]
Action.c(502): Previous automatically added web header for "X-Requested-With" removed  	[MsgId: MMSG-26587]
Action.c(502): web_remove/revert_auto_header("X-Requested-With") was successful  	[MsgId: MMSG-26392]
Action.c(503): web_reg_find started  	[MsgId: MMSG-26355]
Action.c(503): Registering web_reg_find was successful  	[MsgId: MMSG-26390]
Action.c(509): web_custom_request("{userId}_4") started  	[MsgId: MMSG-26355]
Action.c(509): Error -26612: HTTP Status-Code=500 (Internal Server Error) for "https://www.advantageonlineshopping.com/order/api/v1/orders/users/980698519"  	[MsgId: MERR-26612]
Action.c(509): Error -26366: "Text=order completed successfully" not found for web_reg_find  	[MsgId: MERR-26366]
End auto log messages stack.	[MsgId: MMSG-10544]


Start auto log messages stack - Iteration 47.	[MsgId: MMSG-10545]
Action.c(499): web_add_header("Authorization") highest severity level was "warning"  	[MsgId: MMSG-26391]
Action.c(502): web_remove_auto_header("X-Requested-With") started  	[MsgId: MMSG-26355]
Action.c(502): Previous automatically added web header for "X-Requested-With" removed  	[MsgId: MMSG-26587]
Action.c(502): web_remove/revert_auto_header("X-Requested-With") was successful  	[MsgId: MMSG-26392]
Action.c(503): web_reg_find started  	[MsgId: MMSG-26355]
Action.c(503): Registering web_reg_find was successful  	[MsgId: MMSG-26390]
Action.c(509): web_custom_request("{userId}_4") started  	[MsgId: MMSG-26355]
Action.c(509): Error -26612: HTTP Status-Code=500 (Internal Server Error) for "https://www.advantageonlineshopping.com/order/api/v1/orders/users/276697653"  	[MsgId: MERR-26612]
Action.c(509): Error -26366: "Text=order completed successfully" not found for web_reg_find  	[MsgId: MERR-26366]
End auto log messages stack.	[MsgId: MMSG-10544]


Start auto log messages stack - Iteration 9.	[MsgId: MMSG-10545]
Action.c(499): web_add_header("Authorization") highest severity level was "warning"  	[MsgId: MMSG-26391]
Action.c(502): web_remove_auto_header("X-Requested-With") started  	[MsgId: MMSG-26355]
Action.c(502): Previous automatically added web header for "X-Requested-With" removed  	[MsgId: MMSG-26587]
Action.c(502): web_remove/revert_auto_header("X-Requested-With") was successful  	[MsgId: MMSG-26392]
Action.c(503): web_reg_find started  	[MsgId: MMSG-26355]
Action.c(503): Registering web_reg_find was successful  	[MsgId: MMSG-26390]
Action.c(509): web_custom_request("{userId}_4") started  	[MsgId: MMSG-26355]
Action.c(509): Error -26612: HTTP Status-Code=500 (Internal Server Error) for "https://www.advantageonlineshopping.com/order/api/v1/orders/users/581598222"  	[MsgId: MERR-26612]
Action.c(509): Error -26366: "Text=order completed successfully" not found for web_reg_find  	[MsgId: MERR-26366]
End auto log messages stack.	[MsgId: MMSG-10544]


Start auto log messages stack - Iteration 22.	[MsgId: MMSG-10545]
Action.c(499): web_add_header("Authorization") highest severity level was "warning"  	[MsgId: MMSG-26391]
Action.c(502): web_remove_auto_header("X-Requested-With") started  	[MsgId: MMSG-26355]
Action.c(502): Previous automatically added web header for "X-Requested-With" removed  	[MsgId: MMSG-26587]
Action.c(502): web_remove/revert_auto_header("X-Requested-With") was successful  	[MsgId: MMSG-26392]
Action.c(503): web_reg_find started  	[MsgId: MMSG-26355]
Action.c(503): Registering web_reg_find was successful  	[MsgId: MMSG-26390]
Action.c(509): web_custom_request("{userId}_4") started  	[MsgId: MMSG-26355]
Action.c(509): Error -26612: HTTP Status-Code=500 (Internal Server Error) for "https://www.advantageonlineshopping.com/order/api/v1/orders/users/276697653"  	[MsgId: MERR-26612]
Action.c(509): Error -26366: "Text=order completed successfully" not found for web_reg_find  	[MsgId: MERR-26366]
End auto log messages stack.	[MsgId: MMSG-10544]


Start auto log messages stack - Iteration 61.	[MsgId: MMSG-10545]
Action.c(499): web_add_header("Authorization") highest severity level was "warning"  	[MsgId: MMSG-26391]
Action.c(502): web_remove_auto_header("X-Requested-With") started  	[MsgId: MMSG-26355]
Action.c(502): Previous automatically added web header for "X-Requested-With" removed  	[MsgId: MMSG-26587]
Action.c(502): web_remove/revert_auto_header("X-Requested-With") was successful  	[MsgId: MMSG-26392]
Action.c(503): web_reg_find started  	[MsgId: MMSG-26355]
Action.c(503): Registering web_reg_find was successful  	[MsgId: MMSG-26390]
Action.c(509): web_custom_request("{userId}_4") started  	[MsgId: MMSG-26355]
Action.c(509): Error -26612: HTTP Status-Code=500 (Internal Server Error) for "https://www.advantageonlineshopping.com/order/api/v1/orders/users/565977180"  	[MsgId: MERR-26612]
Action.c(509): Error -26366: "Text=order completed successfully" not found for web_reg_find  	[MsgId: MERR-26366]
End auto log messages stack.	[MsgId: MMSG-10544]


Start auto log messages stack - Iteration 35.	[MsgId: MMSG-10545]
Action.c(499): web_add_header("Authorization") highest severity level was "warning"  	[MsgId: MMSG-26391]
Action.c(502): web_remove_auto_header("X-Requested-With") started  	[MsgId: MMSG-26355]
Action.c(502): Previous automatically added web header for "X-Requested-With" removed  	[MsgId: MMSG-26587]
Action.c(502): web_remove/revert_auto_header("X-Requested-With") was successful  	[MsgId: MMSG-26392]
Action.c(503): web_reg_find started  	[MsgId: MMSG-26355]
Action.c(503): Registering web_reg_find was successful  	[MsgId: MMSG-26390]
Action.c(509): web_custom_request("{userId}_4") started  	[MsgId: MMSG-26355]
Action.c(509): Error -26612: HTTP Status-Code=500 (Internal Server Error) for "https://www.advantageonlineshopping.com/order/api/v1/orders/users/663613289"  	[MsgId: MERR-26612]
Action.c(509): Error -26366: "Text=order completed successfully" not found for web_reg_find  	[MsgId: MERR-26366]
End auto log messages stack.	[MsgId: MMSG-10544]


Start auto log messages stack - Iteration 62.	[MsgId: MMSG-10545]
Action.c(499): web_add_header("Authorization") highest severity level was "warning"  	[MsgId: MMSG-26391]
Action.c(502): web_remove_auto_header("X-Requested-With") started  	[MsgId: MMSG-26355]
Action.c(502): Previous automatically added web header for "X-Requested-With" removed  	[MsgId: MMSG-26587]
Action.c(502): web_remove/revert_auto_header("X-Requested-With") was successful  	[MsgId: MMSG-26392]
Action.c(503): web_reg_find started  	[MsgId: MMSG-26355]
Action.c(503): Registering web_reg_find was successful  	[MsgId: MMSG-26390]
Action.c(509): web_custom_request("{userId}_4") started  	[MsgId: MMSG-26355]
Action.c(509): Error -26612: HTTP Status-Code=500 (Internal Server Error) for "https://www.advantageonlineshopping.com/order/api/v1/orders/users/276697653"  	[MsgId: MERR-26612]
Action.c(509): Error -26366: "Text=order completed successfully" not found for web_reg_find  	[MsgId: MERR-26366]
End auto log messages stack.	[MsgId: MMSG-10544]


Start auto log messages stack - Iteration 36.	[MsgId: MMSG-10545]
Action.c(499): web_add_header("Authorization") highest severity level was "warning"  	[MsgId: MMSG-26391]
Action.c(502): web_remove_auto_header("X-Requested-With") started  	[MsgId: MMSG-26355]
Action.c(502): Previous automatically added web header for "X-Requested-With" removed  	[MsgId: MMSG-26587]
Action.c(502): web_remove/revert_auto_header("X-Requested-With") was successful  	[MsgId: MMSG-26392]
Action.c(503): web_reg_find started  	[MsgId: MMSG-26355]
Action.c(503): Registering web_reg_find was successful  	[MsgId: MMSG-26390]
Action.c(509): web_custom_request("{userId}_4") started  	[MsgId: MMSG-26355]
Action.c(509): Error -26612: HTTP Status-Code=500 (Internal Server Error) for "https://www.advantageonlineshopping.com/order/api/v1/orders/users/565977180"  	[MsgId: MERR-26612]
Action.c(509): Error -26366: "Text=order completed successfully" not found for web_reg_find  	[MsgId: MERR-26366]
End auto log messages stack.	[MsgId: MMSG-10544]


Start auto log messages stack - Iteration 23.	[MsgId: MMSG-10545]
Action.c(499): web_add_header("Authorization") highest severity level was "warning"  	[MsgId: MMSG-26391]
Action.c(502): web_remove_auto_header("X-Requested-With") started  	[MsgId: MMSG-26355]
Action.c(502): Previous automatically added web header for "X-Requested-With" removed  	[MsgId: MMSG-26587]
Action.c(502): web_remove/revert_auto_header("X-Requested-With") was successful  	[MsgId: MMSG-26392]
Action.c(503): web_reg_find started  	[MsgId: MMSG-26355]
Action.c(503): Registering web_reg_find was successful  	[MsgId: MMSG-26390]
Action.c(509): web_custom_request("{userId}_4") started  	[MsgId: MMSG-26355]
Action.c(509): Error -26612: HTTP Status-Code=500 (Internal Server Error) for "https://www.advantageonlineshopping.com/order/api/v1/orders/users/980698519"  	[MsgId: MERR-26612]
Action.c(509): Error -26366: "Text=order completed successfully" not found for web_reg_find  	[MsgId: MERR-26366]
End auto log messages stack.	[MsgId: MMSG-10544]


Start auto log messages stack - Iteration 24.	[MsgId: MMSG-10545]
Action.c(499): web_add_header("Authorization") highest severity level was "warning"  	[MsgId: MMSG-26391]
Action.c(502): web_remove_auto_header("X-Requested-With") started  	[MsgId: MMSG-26355]
Action.c(502): Previous automatically added web header for "X-Requested-With" removed  	[MsgId: MMSG-26587]
Action.c(502): web_remove/revert_auto_header("X-Requested-With") was successful  	[MsgId: MMSG-26392]
Action.c(503): web_reg_find started  	[MsgId: MMSG-26355]
Action.c(503): Registering web_reg_find was successful  	[MsgId: MMSG-26390]
Action.c(509): web_custom_request("{userId}_4") started  	[MsgId: MMSG-26355]
Action.c(509): Error -26612: HTTP Status-Code=500 (Internal Server Error) for "https://www.advantageonlineshopping.com/order/api/v1/orders/users/581598222"  	[MsgId: MERR-26612]
Action.c(509): Error -26366: "Text=order completed successfully" not found for web_reg_find  	[MsgId: MERR-26366]
End auto log messages stack.	[MsgId: MMSG-10544]


Start auto log messages stack - Iteration 37.	[MsgId: MMSG-10545]
Action.c(499): web_add_header("Authorization") highest severity level was "warning"  	[MsgId: MMSG-26391]
Action.c(502): web_remove_auto_header("X-Requested-With") started  	[MsgId: MMSG-26355]
Action.c(502): Previous automatically added web header for "X-Requested-With" removed  	[MsgId: MMSG-26587]
Action.c(502): web_remove/revert_auto_header("X-Requested-With") was successful  	[MsgId: MMSG-26392]
Action.c(503): web_reg_find started  	[MsgId: MMSG-26355]
Action.c(503): Registering web_reg_find was successful  	[MsgId: MMSG-26390]
Action.c(509): web_custom_request("{userId}_4") started  	[MsgId: MMSG-26355]
Action.c(509): Error -26612: HTTP Status-Code=500 (Internal Server Error) for "https://www.advantageonlineshopping.com/order/api/v1/orders/users/276697653"  	[MsgId: MERR-26612]
Action.c(509): Error -26366: "Text=order completed successfully" not found for web_reg_find  	[MsgId: MERR-26366]
End auto log messages stack.	[MsgId: MMSG-10544]


Start auto log messages stack - Iteration 25.	[MsgId: MMSG-10545]
Action.c(499): web_add_header("Authorization") highest severity level was "warning"  	[MsgId: MMSG-26391]
Action.c(502): web_remove_auto_header("X-Requested-With") started  	[MsgId: MMSG-26355]
Action.c(502): Previous automatically added web header for "X-Requested-With" removed  	[MsgId: MMSG-26587]
Action.c(502): web_remove/revert_auto_header("X-Requested-With") was successful  	[MsgId: MMSG-26392]
Action.c(503): web_reg_find started  	[MsgId: MMSG-26355]
Action.c(503): Registering web_reg_find was successful  	[MsgId: MMSG-26390]
Action.c(509): web_custom_request("{userId}_4") started  	[MsgId: MMSG-26355]
Action.c(509): Error -26612: HTTP Status-Code=500 (Internal Server Error) for "https://www.advantageonlineshopping.com/order/api/v1/orders/users/663613289"  	[MsgId: MERR-26612]
Action.c(509): Error -26366: "Text=order completed successfully" not found for web_reg_find  	[MsgId: MERR-26366]
End auto log messages stack.	[MsgId: MMSG-10544]


Start auto log messages stack - Iteration 38.	[MsgId: MMSG-10545]
Action.c(499): web_add_header("Authorization") highest severity level was "warning"  	[MsgId: MMSG-26391]
Action.c(502): web_remove_auto_header("X-Requested-With") started  	[MsgId: MMSG-26355]
Action.c(502): Previous automatically added web header for "X-Requested-With" removed  	[MsgId: MMSG-26587]
Action.c(502): web_remove/revert_auto_header("X-Requested-With") was successful  	[MsgId: MMSG-26392]
Action.c(503): web_reg_find started  	[MsgId: MMSG-26355]
Action.c(503): Registering web_reg_find was successful  	[MsgId: MMSG-26390]
Action.c(509): web_custom_request("{userId}_4") started  	[MsgId: MMSG-26355]
Action.c(509): Error -26612: HTTP Status-Code=500 (Internal Server Error) for "https://www.advantageonlineshopping.com/order/api/v1/orders/users/980698519"  	[MsgId: MERR-26612]
Action.c(509): Error -26366: "Text=order completed successfully" not found for web_reg_find  	[MsgId: MERR-26366]
End auto log messages stack.	[MsgId: MMSG-10544]


Start auto log messages stack - Iteration 52.	[MsgId: MMSG-10545]
Action.c(499): web_add_header("Authorization") highest severity level was "warning"  	[MsgId: MMSG-26391]
Action.c(502): web_remove_auto_header("X-Requested-With") started  	[MsgId: MMSG-26355]
Action.c(502): Previous automatically added web header for "X-Requested-With" removed  	[MsgId: MMSG-26587]
Action.c(502): web_remove/revert_auto_header("X-Requested-With") was successful  	[MsgId: MMSG-26392]
Action.c(503): web_reg_find started  	[MsgId: MMSG-26355]
Action.c(503): Registering web_reg_find was successful  	[MsgId: MMSG-26390]
Action.c(509): web_custom_request("{userId}_4") started  	[MsgId: MMSG-26355]
Action.c(509): Error -26612: HTTP Status-Code=500 (Internal Server Error) for "https://www.advantageonlineshopping.com/order/api/v1/orders/users/276697653"  	[MsgId: MERR-26612]
Action.c(509): Error -26366: "Text=order completed successfully" not found for web_reg_find  	[MsgId: MERR-26366]
End auto log messages stack.	[MsgId: MMSG-10544]


Start auto log messages stack - Iteration 39.	[MsgId: MMSG-10545]
Action.c(499): web_add_header("Authorization") highest severity level was "warning"  	[MsgId: MMSG-26391]
Action.c(502): web_remove_auto_header("X-Requested-With") started  	[MsgId: MMSG-26355]
Action.c(502): Previous automatically added web header for "X-Requested-With" removed  	[MsgId: MMSG-26587]
Action.c(502): web_remove/revert_auto_header("X-Requested-With") was successful  	[MsgId: MMSG-26392]
Action.c(503): web_reg_find started  	[MsgId: MMSG-26355]
Action.c(503): Registering web_reg_find was successful  	[MsgId: MMSG-26390]
Action.c(509): web_custom_request("{userId}_4") started  	[MsgId: MMSG-26355]
Action.c(509): Error -26612: HTTP Status-Code=500 (Internal Server Error) for "https://www.advantageonlineshopping.com/order/api/v1/orders/users/581598222"  	[MsgId: MERR-26612]
Action.c(509): Error -26366: "Text=order completed successfully" not found for web_reg_find  	[MsgId: MERR-26366]
End auto log messages stack.	[MsgId: MMSG-10544]


